Using pre-set license
Built from '2020.3/staging' branch; Version is '2020.3.10f1 (297d780c91bc) revision 2719096'; Using compiler version '192528614'; Build Type 'Release'
OS: 'Windows 10 Home; OS build 19041.985; Version 2004; 64bit' Language: 'en' Physical Memory: 32713 MB
BatchMode: 1, IsHumanControllingUs: 0, StartBugReporterOnCrash: 0, Is64bit: 1, IsPro: 0

 COMMAND LINE ARGUMENTS:
C:\Program Files\Unity\Hub\Editor\2020.3.10f1\Editor\Unity.exe
-adb2
-batchMode
-noUpm
-name
AssetImportWorker0
-projectPath
H:/GameDevStuff/unity/tutorial1
-logFile
Logs/AssetImportWorker0.log
-srvPort
49927
Successfully changed project path to: H:/GameDevStuff/unity/tutorial1
H:/GameDevStuff/unity/tutorial1
Using Asset Import Pipeline V2.
Refreshing native plugins compatible for Editor in 0.93 ms, found 0 plugins.
Preloading 0 native plugins for Editor in 0.00 ms.
Initialize engine version: 2020.3.10f1 (297d780c91bc)
[Subsystems] Discovering subsystems at path C:/Program Files/Unity/Hub/Editor/2020.3.10f1/Editor/Data/Resources/UnitySubsystems
[Subsystems] Discovering subsystems at path H:/GameDevStuff/unity/tutorial1/Assets
GfxDevice: creating device client; threaded=0
Direct3D:
    Version:  Direct3D 11.0 [level 11.1]
    Renderer: NVIDIA GeForce RTX 3080 (ID=0x2206)
    Vendor:   
    VRAM:     10077 MB
    Driver:   27.21.14.6627
Initialize mono
Mono path[0] = 'C:/Program Files/Unity/Hub/Editor/2020.3.10f1/Editor/Data/Managed'
Mono path[1] = 'C:/Program Files/Unity/Hub/Editor/2020.3.10f1/Editor/Data/MonoBleedingEdge/lib/mono/unityjit'
Mono config path = 'C:/Program Files/Unity/Hub/Editor/2020.3.10f1/Editor/Data/MonoBleedingEdge/etc'
Using monoOptions --debugger-agent=transport=dt_socket,embedding=1,server=y,suspend=n,address=127.0.0.1:56320
Begin MonoManager ReloadAssembly
Registering precompiled unity dll's ...
Register platform support module: C:/Program Files/Unity/Hub/Editor/2020.3.10f1/Editor/Data/PlaybackEngines/WindowsStandaloneSupport/UnityEditor.WindowsStandalone.Extensions.dll
Registered in 0.001283 seconds.
Native extension for WindowsStandalone target not found
Refreshing native plugins compatible for Editor in 0.83 ms, found 0 plugins.
Preloading 0 native plugins for Editor in 0.00 ms.
Mono: successfully reloaded assembly
- Completed reload, in  0.761 seconds
Platform modules already initialized, skipping
Registering precompiled user dll's ...
Registered in 0.000010 seconds.
Begin MonoManager ReloadAssembly
Native extension for WindowsStandalone target not found
Refreshing native plugins compatible for Editor in 0.02 ms, found 0 plugins.
Preloading 0 native plugins for Editor in 0.00 ms.
Mono: successfully reloaded assembly
- Completed reload, in  0.553 seconds
Platform modules already initialized, skipping
========================================================================
Worker process is ready to serve import requests
Launched and connected shader compiler UnityShaderCompiler.exe after 0.03 seconds
Refreshing native plugins compatible for Editor in 0.02 ms, found 0 plugins.
Preloading 0 native plugins for Editor in 0.00 ms.
Unloading 14 Unused Serialized files (Serialized files now loaded: 0)
System memory in use before: 24.6 MB.
System memory in use after: 24.6 MB.

Unloading 2 unused Assets to reduce memory usage. Loaded Objects now: 453.
Total: 1.026900 ms (FindLiveObjects: 0.036800 ms CreateObjectMapping: 0.003800 ms MarkObjects: 0.934800 ms  DeleteObjects: 0.050500 ms)

========================================================================
Received Import Request.
  path: Assets/Scripts/Clock.cs
  artifactKey: Guid(83940be5c09b9544a94496912fca4e85) Importer(815301076,1909f56bfc062723c751e8b465ee728b)
Start importing Assets/Scripts/Clock.cs using Guid(83940be5c09b9544a94496912fca4e85) Importer(815301076,1909f56bfc062723c751e8b465ee728b)  -> (artifact id: 'c7aa52d6afc786421f43d08830d4c3c0') in 0.026229 seconds
  Import took 0.026540 seconds .

========================================================================
Received Prepare
Registering precompiled user dll's ...
Registered in 0.000007 seconds.
Begin MonoManager ReloadAssembly
Native extension for WindowsStandalone target not found
Refreshing native plugins compatible for Editor in 0.02 ms, found 0 plugins.
Preloading 0 native plugins for Editor in 0.00 ms.
Mono: successfully reloaded assembly
- Completed reload, in  0.521 seconds
Platform modules already initialized, skipping
Refreshing native plugins compatible for Editor in 0.02 ms, found 0 plugins.
Preloading 0 native plugins for Editor in 0.00 ms.
Unloading 9 Unused Serialized files (Serialized files now loaded: 0)
System memory in use before: 24.4 MB.
System memory in use after: 24.4 MB.

Unloading 0 unused Assets to reduce memory usage. Loaded Objects now: 453.
Total: 1.049200 ms (FindLiveObjects: 0.036200 ms CreateObjectMapping: 0.003200 ms MarkObjects: 1.005600 ms  DeleteObjects: 0.003200 ms)

========================================================================
Received Import Request.
  Time since last request: 262.716603 seconds.
  path: Assets/Scripts/Clock.cs
  artifactKey: Guid(83940be5c09b9544a94496912fca4e85) Importer(815301076,1909f56bfc062723c751e8b465ee728b)
Start importing Assets/Scripts/Clock.cs using Guid(83940be5c09b9544a94496912fca4e85) Importer(815301076,1909f56bfc062723c751e8b465ee728b)  -> (artifact id: 'dab8c0734e39cb7c21bca3b4645f0a62') in 0.002365 seconds
  Import took 0.002690 seconds .

========================================================================
Received Prepare
Registering precompiled user dll's ...
Registered in 0.000021 seconds.
Begin MonoManager ReloadAssembly
Native extension for WindowsStandalone target not found
Refreshing native plugins compatible for Editor in 0.02 ms, found 0 plugins.
Preloading 0 native plugins for Editor in 0.00 ms.
Mono: successfully reloaded assembly
- Completed reload, in  0.516 seconds
Platform modules already initialized, skipping
Refreshing native plugins compatible for Editor in 0.02 ms, found 0 plugins.
Preloading 0 native plugins for Editor in 0.00 ms.
Unloading 9 Unused Serialized files (Serialized files now loaded: 0)
System memory in use before: 24.4 MB.
System memory in use after: 24.4 MB.

Unloading 0 unused Assets to reduce memory usage. Loaded Objects now: 453.
Total: 0.967300 ms (FindLiveObjects: 0.037400 ms CreateObjectMapping: 0.002800 ms MarkObjects: 0.922300 ms  DeleteObjects: 0.004200 ms)

========================================================================
Received Prepare
Registering precompiled user dll's ...
Registered in 0.000007 seconds.
Begin MonoManager ReloadAssembly
Native extension for WindowsStandalone target not found
Refreshing native plugins compatible for Editor in 0.02 ms, found 0 plugins.
Preloading 0 native plugins for Editor in 0.00 ms.
Mono: successfully reloaded assembly
- Completed reload, in  0.520 seconds
Platform modules already initialized, skipping
Refreshing native plugins compatible for Editor in 0.02 ms, found 0 plugins.
Preloading 0 native plugins for Editor in 0.00 ms.
Unloading 9 Unused Serialized files (Serialized files now loaded: 0)
System memory in use before: 24.4 MB.
System memory in use after: 24.4 MB.

Unloading 0 unused Assets to reduce memory usage. Loaded Objects now: 453.
Total: 0.916800 ms (FindLiveObjects: 0.033700 ms CreateObjectMapping: 0.003100 ms MarkObjects: 0.877300 ms  DeleteObjects: 0.002100 ms)

========================================================================
Received Prepare
Registering precompiled user dll's ...
Registered in 0.000007 seconds.
Begin MonoManager ReloadAssembly
Native extension for WindowsStandalone target not found
Refreshing native plugins compatible for Editor in 0.02 ms, found 0 plugins.
Preloading 0 native plugins for Editor in 0.00 ms.
Mono: successfully reloaded assembly
- Completed reload, in  0.509 seconds
Platform modules already initialized, skipping
Refreshing native plugins compatible for Editor in 0.02 ms, found 0 plugins.
Preloading 0 native plugins for Editor in 0.00 ms.
Unloading 9 Unused Serialized files (Serialized files now loaded: 0)
System memory in use before: 24.4 MB.
System memory in use after: 24.4 MB.

Unloading 0 unused Assets to reduce memory usage. Loaded Objects now: 453.
Total: 0.947000 ms (FindLiveObjects: 0.035200 ms CreateObjectMapping: 0.003400 ms MarkObjects: 0.905600 ms  DeleteObjects: 0.002200 ms)

========================================================================
Received Prepare
Registering precompiled user dll's ...
Registered in 0.000007 seconds.
Begin MonoManager ReloadAssembly
Native extension for WindowsStandalone target not found
Refreshing native plugins compatible for Editor in 0.02 ms, found 0 plugins.
Preloading 0 native plugins for Editor in 0.00 ms.
Mono: successfully reloaded assembly
- Completed reload, in  0.508 seconds
Platform modules already initialized, skipping
Refreshing native plugins compatible for Editor in 0.02 ms, found 0 plugins.
Preloading 0 native plugins for Editor in 0.00 ms.
Unloading 9 Unused Serialized files (Serialized files now loaded: 0)
System memory in use before: 24.4 MB.
System memory in use after: 24.4 MB.

Unloading 0 unused Assets to reduce memory usage. Loaded Objects now: 453.
Total: 1.020400 ms (FindLiveObjects: 0.037000 ms CreateObjectMapping: 0.003400 ms MarkObjects: 0.975500 ms  DeleteObjects: 0.003300 ms)

========================================================================
Received Prepare
Registering precompiled user dll's ...
Registered in 0.000008 seconds.
Begin MonoManager ReloadAssembly
Native extension for WindowsStandalone target not found
Refreshing native plugins compatible for Editor in 0.02 ms, found 0 plugins.
Preloading 0 native plugins for Editor in 0.00 ms.
Mono: successfully reloaded assembly
- Completed reload, in  0.508 seconds
Platform modules already initialized, skipping
Refreshing native plugins compatible for Editor in 0.02 ms, found 0 plugins.
Preloading 0 native plugins for Editor in 0.00 ms.
Unloading 9 Unused Serialized files (Serialized files now loaded: 0)
System memory in use before: 24.4 MB.
System memory in use after: 24.5 MB.

Unloading 0 unused Assets to reduce memory usage. Loaded Objects now: 453.
Total: 1.089800 ms (FindLiveObjects: 0.038900 ms CreateObjectMapping: 0.003200 ms MarkObjects: 1.043700 ms  DeleteObjects: 0.002900 ms)

========================================================================
Received Prepare
Registering precompiled user dll's ...
Registered in 0.000008 seconds.
Begin MonoManager ReloadAssembly
Native extension for WindowsStandalone target not found
Refreshing native plugins compatible for Editor in 0.02 ms, found 0 plugins.
Preloading 0 native plugins for Editor in 0.00 ms.
Mono: successfully reloaded assembly
- Completed reload, in  0.511 seconds
Platform modules already initialized, skipping
Refreshing native plugins compatible for Editor in 0.02 ms, found 0 plugins.
Preloading 0 native plugins for Editor in 0.00 ms.
Unloading 9 Unused Serialized files (Serialized files now loaded: 0)
System memory in use before: 24.4 MB.
System memory in use after: 24.5 MB.

Unloading 0 unused Assets to reduce memory usage. Loaded Objects now: 453.
Total: 0.934000 ms (FindLiveObjects: 0.037400 ms CreateObjectMapping: 0.003000 ms MarkObjects: 0.890800 ms  DeleteObjects: 0.002000 ms)

========================================================================
Received Prepare
Registering precompiled user dll's ...
Registered in 0.000010 seconds.
Begin MonoManager ReloadAssembly
Native extension for WindowsStandalone target not found
Refreshing native plugins compatible for Editor in 0.03 ms, found 0 plugins.
Preloading 0 native plugins for Editor in 0.00 ms.
Mono: successfully reloaded assembly
- Completed reload, in  0.509 seconds
Platform modules already initialized, skipping
Refreshing native plugins compatible for Editor in 0.02 ms, found 0 plugins.
Preloading 0 native plugins for Editor in 0.00 ms.
Unloading 9 Unused Serialized files (Serialized files now loaded: 0)
System memory in use before: 24.4 MB.
System memory in use after: 24.5 MB.

Unloading 0 unused Assets to reduce memory usage. Loaded Objects now: 453.
Total: 1.140800 ms (FindLiveObjects: 0.039200 ms CreateObjectMapping: 0.003600 ms MarkObjects: 1.093700 ms  DeleteObjects: 0.003200 ms)

========================================================================
Received Prepare
Registering precompiled user dll's ...
Registered in 0.000007 seconds.
Begin MonoManager ReloadAssembly
Native extension for WindowsStandalone target not found
Refreshing native plugins compatible for Editor in 0.02 ms, found 0 plugins.
Preloading 0 native plugins for Editor in 0.00 ms.
Mono: successfully reloaded assembly
- Completed reload, in  0.538 seconds
Platform modules already initialized, skipping
Refreshing native plugins compatible for Editor in 0.02 ms, found 0 plugins.
Preloading 0 native plugins for Editor in 0.00 ms.
Unloading 9 Unused Serialized files (Serialized files now loaded: 0)
System memory in use before: 24.5 MB.
System memory in use after: 24.5 MB.

Unloading 0 unused Assets to reduce memory usage. Loaded Objects now: 453.
Total: 1.079900 ms (FindLiveObjects: 0.036800 ms CreateObjectMapping: 0.003300 ms MarkObjects: 1.036300 ms  DeleteObjects: 0.002900 ms)

AssetImportWorkerClient::OnTransportError - code=2 error=End of file
