Using pre-set license
Built from '2020.3/staging' branch; Version is '2020.3.19f1 (68f137dc9bbe) revision 6877495'; Using compiler version '192528614'; Build Type 'Release'
OS: 'Windows 10 Home; OS build 19043.1320; Version 2009; 64bit' Language: 'en' Physical Memory: 32713 MB
BatchMode: 1, IsHumanControllingUs: 0, StartBugReporterOnCrash: 0, Is64bit: 1, IsPro: 0

COMMAND LINE ARGUMENTS:
C:\Program Files\Unity\Hub\Editor\2020.3.19f1\Editor\Unity.exe
-adb2
-batchMode
-noUpm
-name
AssetImportWorker0
-projectPath
C:/Users/travp/Desktop/School/Software Engineering/swallowed-holl/SwallowedHoll
-logFile
Logs/AssetImportWorker0.log
-srvPort
52458
Successfully changed project path to: C:/Users/travp/Desktop/School/Software Engineering/swallowed-holl/SwallowedHoll
C:/Users/travp/Desktop/School/Software Engineering/swallowed-holl/SwallowedHoll
Using Asset Import Pipeline V2.
Refreshing native plugins compatible for Editor in 71.13 ms, found 2 plugins.
Preloading 0 native plugins for Editor in 0.00 ms.
Initialize engine version: 2020.3.19f1 (68f137dc9bbe)
[Subsystems] Discovering subsystems at path C:/Program Files/Unity/Hub/Editor/2020.3.19f1/Editor/Data/Resources/UnitySubsystems
[Subsystems] Discovering subsystems at path C:/Users/travp/Desktop/School/Software Engineering/swallowed-holl/SwallowedHoll/Assets
GfxDevice: creating device client; threaded=0
Direct3D:
    Version:  Direct3D 11.0 [level 11.1]
    Renderer: NVIDIA GeForce RTX 3080 (ID=0x2206)
    Vendor:   
    VRAM:     10077 MB
    Driver:   30.0.14.9649
Initialize mono
Mono path[0] = 'C:/Program Files/Unity/Hub/Editor/2020.3.19f1/Editor/Data/Managed'
Mono path[1] = 'C:/Program Files/Unity/Hub/Editor/2020.3.19f1/Editor/Data/MonoBleedingEdge/lib/mono/unityjit'
Mono config path = 'C:/Program Files/Unity/Hub/Editor/2020.3.19f1/Editor/Data/MonoBleedingEdge/etc'
Using monoOptions --debugger-agent=transport=dt_socket,embedding=1,server=y,suspend=n,address=127.0.0.1:56064
Begin MonoManager ReloadAssembly
Registering precompiled unity dll's ...
Register platform support module: C:/Program Files/Unity/Hub/Editor/2020.3.19f1/Editor/Data/PlaybackEngines/WindowsStandaloneSupport/UnityEditor.WindowsStandalone.Extensions.dll
Registered in 0.001264 seconds.
Native extension for WindowsStandalone target not found
Refreshing native plugins compatible for Editor in 67.03 ms, found 2 plugins.
Preloading 0 native plugins for Editor in 0.00 ms.
Mono: successfully reloaded assembly
- Completed reload, in  0.846 seconds
Domain Reload Profiling:
	ReloadAssembly (846ms)
		BeginReloadAssembly (41ms)
			ExecutionOrderSort (0ms)
			DisableScriptedObjects (0ms)
			BackupInstance (0ms)
			ReleaseScriptingObjects (0ms)
			CreateAndSetChildDomain (1ms)
		EndReloadAssembly (371ms)
			LoadAssemblies (39ms)
			RebuildTransferFunctionScriptingTraits (0ms)
			SetupTypeCache (118ms)
			ReleaseScriptCaches (0ms)
			RebuildScriptCaches (26ms)
			SetupLoadedEditorAssemblies (170ms)
				LogAssemblyErrors (0ms)
				InitializePlatformSupportModulesInManaged (4ms)
				SetLoadedEditorAssemblies (0ms)
				RefreshPlugins (67ms)
				BeforeProcessingInitializeOnLoad (12ms)
				ProcessInitializeOnLoadAttributes (66ms)
				ProcessInitializeOnLoadMethodAttributes (21ms)
				AfterProcessingInitializeOnLoad (0ms)
				EditorAssembliesLoaded (0ms)
			ExecutionOrderSort2 (0ms)
			AwakeInstancesAfterBackupRestoration (0ms)
Platform modules already initialized, skipping
Registering precompiled user dll's ...
Registered in 0.002155 seconds.
Begin MonoManager ReloadAssembly
Native extension for WindowsStandalone target not found
Refreshing native plugins compatible for Editor in 0.94 ms, found 2 plugins.
Preloading 0 native plugins for Editor in 0.00 ms.
Mono: successfully reloaded assembly
- Completed reload, in  0.875 seconds
Domain Reload Profiling:
	ReloadAssembly (876ms)
		BeginReloadAssembly (119ms)
			ExecutionOrderSort (0ms)
			DisableScriptedObjects (4ms)
			BackupInstance (0ms)
			ReleaseScriptingObjects (0ms)
			CreateAndSetChildDomain (18ms)
		EndReloadAssembly (703ms)
			LoadAssemblies (67ms)
			RebuildTransferFunctionScriptingTraits (0ms)
			SetupTypeCache (219ms)
			ReleaseScriptCaches (0ms)
			RebuildScriptCaches (37ms)
			SetupLoadedEditorAssemblies (305ms)
				LogAssemblyErrors (0ms)
				InitializePlatformSupportModulesInManaged (4ms)
				SetLoadedEditorAssemblies (0ms)
				RefreshPlugins (1ms)
				BeforeProcessingInitializeOnLoad (95ms)
				ProcessInitializeOnLoadAttributes (197ms)
				ProcessInitializeOnLoadMethodAttributes (4ms)
				AfterProcessingInitializeOnLoad (4ms)
				EditorAssembliesLoaded (0ms)
			ExecutionOrderSort2 (0ms)
			AwakeInstancesAfterBackupRestoration (5ms)
Platform modules already initialized, skipping
========================================================================
Worker process is ready to serve import requests
Launched and connected shader compiler UnityShaderCompiler.exe after 0.04 seconds
Refreshing native plugins compatible for Editor in 1.00 ms, found 2 plugins.
Preloading 0 native plugins for Editor in 0.00 ms.
Unloading 1889 Unused Serialized files (Serialized files now loaded: 0)
System memory in use before: 136.6 MB.
System memory in use after: 136.7 MB.

Unloading 17 unused Assets to reduce memory usage. Loaded Objects now: 2326.
Total: 3.203300 ms (FindLiveObjects: 0.237300 ms CreateObjectMapping: 0.048400 ms MarkObjects: 2.836600 ms  DeleteObjects: 0.079900 ms)

AssetImportParameters requested are different than current active one (requested -> active):
  custom:framework-win-MediaFoundation: 216162199b28c13a410421893ffa2e32 -> 
  custom:video-decoder-ogg-theora: a1e56fd34408186e4bbccfd4996cb3dc -> 
  custom:container-muxer-webm: aa71ff27fc2769a1b78a27578f13a17b -> 
  custom:container-demuxer-webm: 4f35f7cbe854078d1ac9338744f61a02 -> 
  custom:container-demuxer-ogg: 62fdf1f143b41e24485cea50d1cbac27 -> 
  custom:video-encoder-webm-vp8: eb34c28f22e8b96e1ab97ce403110664 -> 
  custom:video-decoder-webm-vp8: 9c59270c3fd7afecdb556c50c9e8de78 -> 
  custom:audio-decoder-ogg-vorbis: bf7c407c2cedff20999df2af8eb42d56 -> 
  custom:audio-encoder-webm-vorbis: bf7c407c2cedff20999df2af8eb42d56 -> 
========================================================================
Received Import Request.
  path: Assets/Dummy.prefab
  artifactKey: Guid(ee41a6aca025c8f45b0b82bc7c79318a) Importer(815301076,1909f56bfc062723c751e8b465ee728b)
Start importing Assets/Dummy.prefab using Guid(ee41a6aca025c8f45b0b82bc7c79318a) Importer(815301076,1909f56bfc062723c751e8b465ee728b)  -> (artifact id: '4743296da615e55aed2c968dbf0c57a8') in 0.061303 seconds 
  Import took 0.065937 seconds .

========================================================================
Received Import Request.
  Time since last request: 7.385196 seconds.
  path: Assets/Prefab/Props
  artifactKey: Guid(ea11adadf865a3a41984e04094f15446) Importer(815301076,1909f56bfc062723c751e8b465ee728b)
Start importing Assets/Prefab/Props using Guid(ea11adadf865a3a41984e04094f15446) Importer(815301076,1909f56bfc062723c751e8b465ee728b)  -> (artifact id: '6007ced16a91bd58cecf55c980791611') in 0.006600 seconds 
  Import took 0.009897 seconds .

========================================================================
Received Import Request.
  Time since last request: 6.122804 seconds.
  path: Assets/Prefab/Static
  artifactKey: Guid(fcc73569f01d09f4088782ba4599f8fa) Importer(815301076,1909f56bfc062723c751e8b465ee728b)
Start importing Assets/Prefab/Static using Guid(fcc73569f01d09f4088782ba4599f8fa) Importer(815301076,1909f56bfc062723c751e8b465ee728b)  -> (artifact id: '67ff7584a612a2154cf5f106c95be2fc') in 0.006020 seconds 
  Import took 0.009393 seconds .

========================================================================
Received Import Request.
  Time since last request: 4.605427 seconds.
  path: Assets/Prefab/Static/Spike 2.prefab
  artifactKey: Guid(0ed1a7d1081b03947b038a9bd278a200) Importer(815301076,1909f56bfc062723c751e8b465ee728b)
Start importing Assets/Prefab/Static/Spike 2.prefab using Guid(0ed1a7d1081b03947b038a9bd278a200) Importer(815301076,1909f56bfc062723c751e8b465ee728b)  -> (artifact id: '73ed4bedb592046717d96632ccbbe14d') in 0.071897 seconds 
  Import took 0.075562 seconds .

========================================================================
Received Import Request.
  Time since last request: 52.829121 seconds.
  path: Assets/Prefab/Food
  artifactKey: Guid(d90e4465b9f6c9f43aa4953f0a050f1d) Importer(815301076,1909f56bfc062723c751e8b465ee728b)
Start importing Assets/Prefab/Food using Guid(d90e4465b9f6c9f43aa4953f0a050f1d) Importer(815301076,1909f56bfc062723c751e8b465ee728b)  -> (artifact id: 'e05f1e7d2e90043b0f444260f8484626') in 0.006959 seconds 
  Import took 0.010235 seconds .

========================================================================
Received Import Request.
  Time since last request: 17.192529 seconds.
  path: Assets/Prefab/Interactables
  artifactKey: Guid(560616920de336041b0f172110b73398) Importer(815301076,1909f56bfc062723c751e8b465ee728b)
Start importing Assets/Prefab/Interactables using Guid(560616920de336041b0f172110b73398) Importer(815301076,1909f56bfc062723c751e8b465ee728b)  -> (artifact id: '74ad07c6aba99870831ed026ff82ec1a') in 0.007056 seconds 
  Import took 0.010392 seconds .

========================================================================
Received Import Request.
  Time since last request: 10.991384 seconds.
  path: Assets/Prefab/Interactables/Button.prefab
  artifactKey: Guid(53f0b108be580f64aa7ec6195e24653f) Importer(815301076,1909f56bfc062723c751e8b465ee728b)
Start importing Assets/Prefab/Interactables/Button.prefab using Guid(53f0b108be580f64aa7ec6195e24653f) Importer(815301076,1909f56bfc062723c751e8b465ee728b)  -> (artifact id: '6d6ecb55c3a0097ac11c6b91d06a96cd') in 0.030491 seconds 
  Import took 0.034213 seconds .

========================================================================
Received Import Request.
  Time since last request: 5.652979 seconds.
  path: Assets/Prefab/Interactables/Button.prefab
  artifactKey: Guid(53f0b108be580f64aa7ec6195e24653f) Importer(815301076,1909f56bfc062723c751e8b465ee728b)
Start importing Assets/Prefab/Interactables/Button.prefab using Guid(53f0b108be580f64aa7ec6195e24653f) Importer(815301076,1909f56bfc062723c751e8b465ee728b)  -> (artifact id: 'b762a02f1280948e1270b2de36fc3726') in 0.013821 seconds 
  Import took 0.017472 seconds .

========================================================================
Received Import Request.
  Time since last request: 11.029938 seconds.
  path: Assets/Prefab/Interactables/Button.prefab
  artifactKey: Guid(53f0b108be580f64aa7ec6195e24653f) Importer(815301076,1909f56bfc062723c751e8b465ee728b)
Start importing Assets/Prefab/Interactables/Button.prefab using Guid(53f0b108be580f64aa7ec6195e24653f) Importer(815301076,1909f56bfc062723c751e8b465ee728b)  -> (artifact id: 'db0e59e87e281ca6fc2101542c5084a6') in 0.018934 seconds 
  Import took 0.023494 seconds .

========================================================================
Received Import Request.
  Time since last request: 18.509895 seconds.
  path: Assets/Prefab/Interactables/lever.prefab
  artifactKey: Guid(ed4319a2cd644d44fa4c31511d38ed08) Importer(815301076,1909f56bfc062723c751e8b465ee728b)
Start importing Assets/Prefab/Interactables/lever.prefab using Guid(ed4319a2cd644d44fa4c31511d38ed08) Importer(815301076,1909f56bfc062723c751e8b465ee728b)  -> (artifact id: 'a3a306cdc8b6dc7cbfb2a103feea7dca') in 0.028572 seconds 
  Import took 0.032797 seconds .

========================================================================
Received Import Request.
  Time since last request: 25.363463 seconds.
  path: Assets/Prefab/Interactables/lever.prefab
  artifactKey: Guid(ed4319a2cd644d44fa4c31511d38ed08) Importer(815301076,1909f56bfc062723c751e8b465ee728b)
Start importing Assets/Prefab/Interactables/lever.prefab using Guid(ed4319a2cd644d44fa4c31511d38ed08) Importer(815301076,1909f56bfc062723c751e8b465ee728b)  -> (artifact id: '9c2a5cb80692e3742cd6ccef99000ec6') in 0.021252 seconds 
  Import took 0.025912 seconds .

========================================================================
Received Import Request.
  Time since last request: 10.959253 seconds.
  path: Assets/Prefab/Interactables/Cube.prefab
  artifactKey: Guid(fdb78ccebf2d9184792b5f6c477856b1) Importer(815301076,1909f56bfc062723c751e8b465ee728b)
Start importing Assets/Prefab/Interactables/Cube.prefab using Guid(fdb78ccebf2d9184792b5f6c477856b1) Importer(815301076,1909f56bfc062723c751e8b465ee728b)  -> (artifact id: '400cf516c9f3a656dea3ef21a80c17a4') in 0.018051 seconds 
  Import took 0.021754 seconds .

========================================================================
Received Import Request.
  Time since last request: 4.357732 seconds.
  path: Assets/Prefab/Interactables/Volume.prefab
  artifactKey: Guid(fdb78ccebf2d9184792b5f6c477856b1) Importer(815301076,1909f56bfc062723c751e8b465ee728b)
Start importing Assets/Prefab/Interactables/Volume.prefab using Guid(fdb78ccebf2d9184792b5f6c477856b1) Importer(815301076,1909f56bfc062723c751e8b465ee728b)  -> (artifact id: '7f04327446542070a0e84395d5d19846') in 0.015464 seconds 
  Import took 0.018897 seconds .

========================================================================
Received Import Request.
  Time since last request: 16.549660 seconds.
  path: Assets/Prefab/Interactables/Door.prefab
  artifactKey: Guid(53762ac055a403e4e84c3127c5725349) Importer(815301076,1909f56bfc062723c751e8b465ee728b)
Start importing Assets/Prefab/Interactables/Door.prefab using Guid(53762ac055a403e4e84c3127c5725349) Importer(815301076,1909f56bfc062723c751e8b465ee728b)  -> (artifact id: 'a7ad3be31c3e3db6c1af507c2b8383cf') in 0.044223 seconds 
  Import took 0.048860 seconds .

========================================================================
Received Import Request.
  Time since last request: 29.004987 seconds.
  path: Assets/Prefab/Interactables/Cube (1).prefab
  artifactKey: Guid(c2342a957e0ceb8488bc50bdf3df2719) Importer(815301076,1909f56bfc062723c751e8b465ee728b)
Start importing Assets/Prefab/Interactables/Cube (1).prefab using Guid(c2342a957e0ceb8488bc50bdf3df2719) Importer(815301076,1909f56bfc062723c751e8b465ee728b)  -> (artifact id: '356b3e611739ab2b6bf2635d081789ac') in 0.019263 seconds 
  Import took 0.022864 seconds .

========================================================================
Received Import Request.
  Time since last request: 7.484287 seconds.
  path: Assets/Prefab/Interactables/ObjectSpawner.prefab
  artifactKey: Guid(c2342a957e0ceb8488bc50bdf3df2719) Importer(815301076,1909f56bfc062723c751e8b465ee728b)
Start importing Assets/Prefab/Interactables/ObjectSpawner.prefab using Guid(c2342a957e0ceb8488bc50bdf3df2719) Importer(815301076,1909f56bfc062723c751e8b465ee728b)  -> (artifact id: 'b4a14450531e22577883931c40bfc5e7') in 0.013899 seconds 
  Import took 0.017549 seconds .

========================================================================
Received Prepare
Registering precompiled user dll's ...
Registered in 0.002539 seconds.
Begin MonoManager ReloadAssembly
Native extension for WindowsStandalone target not found
Refreshing native plugins compatible for Editor in 0.96 ms, found 2 plugins.
Preloading 0 native plugins for Editor in 0.00 ms.
Mono: successfully reloaded assembly
- Completed reload, in  0.835 seconds
Domain Reload Profiling:
	ReloadAssembly (835ms)
		BeginReloadAssembly (107ms)
			ExecutionOrderSort (0ms)
			DisableScriptedObjects (3ms)
			BackupInstance (0ms)
			ReleaseScriptingObjects (0ms)
			CreateAndSetChildDomain (37ms)
		EndReloadAssembly (675ms)
			LoadAssemblies (70ms)
			RebuildTransferFunctionScriptingTraits (0ms)
			SetupTypeCache (217ms)
			ReleaseScriptCaches (1ms)
			RebuildScriptCaches (32ms)
			SetupLoadedEditorAssemblies (279ms)
				LogAssemblyErrors (0ms)
				InitializePlatformSupportModulesInManaged (4ms)
				SetLoadedEditorAssemblies (0ms)
				RefreshPlugins (1ms)
				BeforeProcessingInitializeOnLoad (83ms)
				ProcessInitializeOnLoadAttributes (182ms)
				ProcessInitializeOnLoadMethodAttributes (3ms)
				AfterProcessingInitializeOnLoad (4ms)
				EditorAssembliesLoaded (0ms)
			ExecutionOrderSort2 (0ms)
			AwakeInstancesAfterBackupRestoration (5ms)
Platform modules already initialized, skipping
Refreshing native plugins compatible for Editor in 1.03 ms, found 2 plugins.
Preloading 0 native plugins for Editor in 0.00 ms.
Unloading 1809 Unused Serialized files (Serialized files now loaded: 0)
System memory in use before: 148.7 MB.
System memory in use after: 148.8 MB.

Unloading 14 unused Assets to reduce memory usage. Loaded Objects now: 2339.
Total: 3.076000 ms (FindLiveObjects: 0.265700 ms CreateObjectMapping: 0.069600 ms MarkObjects: 2.699500 ms  DeleteObjects: 0.040300 ms)

AssetImportParameters requested are different than current active one (requested -> active):
  custom:framework-win-MediaFoundation: 216162199b28c13a410421893ffa2e32 -> 
  custom:video-decoder-ogg-theora: a1e56fd34408186e4bbccfd4996cb3dc -> 
  custom:container-muxer-webm: aa71ff27fc2769a1b78a27578f13a17b -> 
  custom:container-demuxer-webm: 4f35f7cbe854078d1ac9338744f61a02 -> 
  custom:container-demuxer-ogg: 62fdf1f143b41e24485cea50d1cbac27 -> 
  custom:video-encoder-webm-vp8: eb34c28f22e8b96e1ab97ce403110664 -> 
  custom:video-decoder-webm-vp8: 9c59270c3fd7afecdb556c50c9e8de78 -> 
  custom:audio-decoder-ogg-vorbis: bf7c407c2cedff20999df2af8eb42d56 -> 
  custom:audio-encoder-webm-vorbis: bf7c407c2cedff20999df2af8eb42d56 -> 
========================================================================
Received Prepare
Registering precompiled user dll's ...
Registered in 0.002521 seconds.
Begin MonoManager ReloadAssembly
Native extension for WindowsStandalone target not found
Refreshing native plugins compatible for Editor in 1.03 ms, found 2 plugins.
Preloading 0 native plugins for Editor in 0.00 ms.
Mono: successfully reloaded assembly
- Completed reload, in  0.848 seconds
Domain Reload Profiling:
	ReloadAssembly (849ms)
		BeginReloadAssembly (107ms)
			ExecutionOrderSort (0ms)
			DisableScriptedObjects (3ms)
			BackupInstance (0ms)
			ReleaseScriptingObjects (0ms)
			CreateAndSetChildDomain (31ms)
		EndReloadAssembly (690ms)
			LoadAssemblies (69ms)
			RebuildTransferFunctionScriptingTraits (0ms)
			SetupTypeCache (216ms)
			ReleaseScriptCaches (1ms)
			RebuildScriptCaches (32ms)
			SetupLoadedEditorAssemblies (295ms)
				LogAssemblyErrors (0ms)
				InitializePlatformSupportModulesInManaged (4ms)
				SetLoadedEditorAssemblies (0ms)
				RefreshPlugins (1ms)
				BeforeProcessingInitializeOnLoad (89ms)
				ProcessInitializeOnLoadAttributes (193ms)
				ProcessInitializeOnLoadMethodAttributes (3ms)
				AfterProcessingInitializeOnLoad (4ms)
				EditorAssembliesLoaded (0ms)
			ExecutionOrderSort2 (0ms)
			AwakeInstancesAfterBackupRestoration (5ms)
Platform modules already initialized, skipping
Refreshing native plugins compatible for Editor in 1.09 ms, found 2 plugins.
Preloading 0 native plugins for Editor in 0.00 ms.
Unloading 1809 Unused Serialized files (Serialized files now loaded: 0)
System memory in use before: 148.7 MB.
System memory in use after: 148.8 MB.

Unloading 12 unused Assets to reduce memory usage. Loaded Objects now: 2341.
Total: 3.538800 ms (FindLiveObjects: 0.260700 ms CreateObjectMapping: 0.044900 ms MarkObjects: 3.206300 ms  DeleteObjects: 0.024700 ms)

AssetImportParameters requested are different than current active one (requested -> active):
  custom:framework-win-MediaFoundation: 216162199b28c13a410421893ffa2e32 -> 
  custom:video-decoder-ogg-theora: a1e56fd34408186e4bbccfd4996cb3dc -> 
  custom:container-muxer-webm: aa71ff27fc2769a1b78a27578f13a17b -> 
  custom:container-demuxer-webm: 4f35f7cbe854078d1ac9338744f61a02 -> 
  custom:container-demuxer-ogg: 62fdf1f143b41e24485cea50d1cbac27 -> 
  custom:video-encoder-webm-vp8: eb34c28f22e8b96e1ab97ce403110664 -> 
  custom:video-decoder-webm-vp8: 9c59270c3fd7afecdb556c50c9e8de78 -> 
  custom:audio-decoder-ogg-vorbis: bf7c407c2cedff20999df2af8eb42d56 -> 
  custom:audio-encoder-webm-vorbis: bf7c407c2cedff20999df2af8eb42d56 -> 
========================================================================
Received Prepare
Registering precompiled user dll's ...
Registered in 0.002582 seconds.
Begin MonoManager ReloadAssembly
Native extension for WindowsStandalone target not found
Refreshing native plugins compatible for Editor in 1.04 ms, found 2 plugins.
Preloading 0 native plugins for Editor in 0.00 ms.
Mono: successfully reloaded assembly
- Completed reload, in  0.826 seconds
Domain Reload Profiling:
	ReloadAssembly (826ms)
		BeginReloadAssembly (100ms)
			ExecutionOrderSort (0ms)
			DisableScriptedObjects (4ms)
			BackupInstance (0ms)
			ReleaseScriptingObjects (0ms)
			CreateAndSetChildDomain (30ms)
		EndReloadAssembly (676ms)
			LoadAssemblies (66ms)
			RebuildTransferFunctionScriptingTraits (0ms)
			SetupTypeCache (213ms)
			ReleaseScriptCaches (1ms)
			RebuildScriptCaches (33ms)
			SetupLoadedEditorAssemblies (285ms)
				LogAssemblyErrors (0ms)
				InitializePlatformSupportModulesInManaged (4ms)
				SetLoadedEditorAssemblies (0ms)
				RefreshPlugins (1ms)
				BeforeProcessingInitializeOnLoad (92ms)
				ProcessInitializeOnLoadAttributes (180ms)
				ProcessInitializeOnLoadMethodAttributes (3ms)
				AfterProcessingInitializeOnLoad (4ms)
				EditorAssembliesLoaded (0ms)
			ExecutionOrderSort2 (0ms)
			AwakeInstancesAfterBackupRestoration (5ms)
Platform modules already initialized, skipping
Refreshing native plugins compatible for Editor in 1.02 ms, found 2 plugins.
Preloading 0 native plugins for Editor in 0.00 ms.
Unloading 1809 Unused Serialized files (Serialized files now loaded: 0)
System memory in use before: 148.7 MB.
System memory in use after: 148.8 MB.

Unloading 12 unused Assets to reduce memory usage. Loaded Objects now: 2343.
Total: 2.836600 ms (FindLiveObjects: 0.244300 ms CreateObjectMapping: 0.044100 ms MarkObjects: 2.532600 ms  DeleteObjects: 0.014700 ms)

AssetImportParameters requested are different than current active one (requested -> active):
  custom:framework-win-MediaFoundation: 216162199b28c13a410421893ffa2e32 -> 
  custom:video-decoder-ogg-theora: a1e56fd34408186e4bbccfd4996cb3dc -> 
  custom:container-muxer-webm: aa71ff27fc2769a1b78a27578f13a17b -> 
  custom:container-demuxer-webm: 4f35f7cbe854078d1ac9338744f61a02 -> 
  custom:container-demuxer-ogg: 62fdf1f143b41e24485cea50d1cbac27 -> 
  custom:video-encoder-webm-vp8: eb34c28f22e8b96e1ab97ce403110664 -> 
  custom:video-decoder-webm-vp8: 9c59270c3fd7afecdb556c50c9e8de78 -> 
  custom:audio-decoder-ogg-vorbis: bf7c407c2cedff20999df2af8eb42d56 -> 
  custom:audio-encoder-webm-vorbis: bf7c407c2cedff20999df2af8eb42d56 -> 
========================================================================
Received Prepare
Registering precompiled user dll's ...
Registered in 0.002479 seconds.
Begin MonoManager ReloadAssembly
Native extension for WindowsStandalone target not found
Refreshing native plugins compatible for Editor in 0.99 ms, found 2 plugins.
Preloading 0 native plugins for Editor in 0.00 ms.
Mono: successfully reloaded assembly
- Completed reload, in  0.833 seconds
Domain Reload Profiling:
	ReloadAssembly (834ms)
		BeginReloadAssembly (97ms)
			ExecutionOrderSort (0ms)
			DisableScriptedObjects (4ms)
			BackupInstance (0ms)
			ReleaseScriptingObjects (0ms)
			CreateAndSetChildDomain (29ms)
		EndReloadAssembly (687ms)
			LoadAssemblies (65ms)
			RebuildTransferFunctionScriptingTraits (0ms)
			SetupTypeCache (212ms)
			ReleaseScriptCaches (1ms)
			RebuildScriptCaches (33ms)
			SetupLoadedEditorAssemblies (295ms)
				LogAssemblyErrors (0ms)
				InitializePlatformSupportModulesInManaged (4ms)
				SetLoadedEditorAssemblies (0ms)
				RefreshPlugins (1ms)
				BeforeProcessingInitializeOnLoad (93ms)
				ProcessInitializeOnLoadAttributes (189ms)
				ProcessInitializeOnLoadMethodAttributes (3ms)
				AfterProcessingInitializeOnLoad (4ms)
				EditorAssembliesLoaded (0ms)
			ExecutionOrderSort2 (0ms)
			AwakeInstancesAfterBackupRestoration (6ms)
Platform modules already initialized, skipping
Refreshing native plugins compatible for Editor in 1.39 ms, found 2 plugins.
Preloading 0 native plugins for Editor in 0.00 ms.
Unloading 1809 Unused Serialized files (Serialized files now loaded: 0)
System memory in use before: 148.7 MB.
System memory in use after: 148.8 MB.

Unloading 12 unused Assets to reduce memory usage. Loaded Objects now: 2345.
Total: 3.619400 ms (FindLiveObjects: 0.252300 ms CreateObjectMapping: 0.042700 ms MarkObjects: 3.296500 ms  DeleteObjects: 0.026400 ms)

AssetImportParameters requested are different than current active one (requested -> active):
  custom:framework-win-MediaFoundation: 216162199b28c13a410421893ffa2e32 -> 
  custom:video-decoder-ogg-theora: a1e56fd34408186e4bbccfd4996cb3dc -> 
  custom:container-muxer-webm: aa71ff27fc2769a1b78a27578f13a17b -> 
  custom:container-demuxer-webm: 4f35f7cbe854078d1ac9338744f61a02 -> 
  custom:container-demuxer-ogg: 62fdf1f143b41e24485cea50d1cbac27 -> 
  custom:video-encoder-webm-vp8: eb34c28f22e8b96e1ab97ce403110664 -> 
  custom:video-decoder-webm-vp8: 9c59270c3fd7afecdb556c50c9e8de78 -> 
  custom:audio-decoder-ogg-vorbis: bf7c407c2cedff20999df2af8eb42d56 -> 
  custom:audio-encoder-webm-vorbis: bf7c407c2cedff20999df2af8eb42d56 -> 
AssetImportWorkerClient::OnTransportError - code=2 error=End of file
