Using pre-set license
Built from '2020.3/staging' branch; Version is '2020.3.19f1 (68f137dc9bbe) revision 6877495'; Using compiler version '192528614'; Build Type 'Release'
OS: 'Windows 10 Home; OS build 19043.1237; Version 2009; 64bit' Language: 'en' Physical Memory: 32713 MB
BatchMode: 1, IsHumanControllingUs: 0, StartBugReporterOnCrash: 0, Is64bit: 1, IsPro: 0

COMMAND LINE ARGUMENTS:
C:\Program Files\Unity\Hub\Editor\2020.3.19f1\Editor\Unity.exe
-adb2
-batchMode
-noUpm
-name
AssetImportWorker0
-projectPath
H:/GameDevStuff/unity/movement
-logFile
Logs/AssetImportWorker0.log
-srvPort
63745
Successfully changed project path to: H:/GameDevStuff/unity/movement
H:/GameDevStuff/unity/movement
Using Asset Import Pipeline V2.
Refreshing native plugins compatible for Editor in 39.03 ms, found 2 plugins.
Preloading 0 native plugins for Editor in 0.00 ms.
Initialize engine version: 2020.3.19f1 (68f137dc9bbe)
[Subsystems] Discovering subsystems at path C:/Program Files/Unity/Hub/Editor/2020.3.19f1/Editor/Data/Resources/UnitySubsystems
[Subsystems] Discovering subsystems at path H:/GameDevStuff/unity/movement/Assets
GfxDevice: creating device client; threaded=0
Direct3D:
    Version:  Direct3D 11.0 [level 11.1]
    Renderer: NVIDIA GeForce RTX 3080 (ID=0x2206)
    Vendor:   
    VRAM:     10077 MB
    Driver:   30.0.14.7212
Initialize mono
Mono path[0] = 'C:/Program Files/Unity/Hub/Editor/2020.3.19f1/Editor/Data/Managed'
Mono path[1] = 'C:/Program Files/Unity/Hub/Editor/2020.3.19f1/Editor/Data/MonoBleedingEdge/lib/mono/unityjit'
Mono config path = 'C:/Program Files/Unity/Hub/Editor/2020.3.19f1/Editor/Data/MonoBleedingEdge/etc'
Using monoOptions --debugger-agent=transport=dt_socket,embedding=1,server=y,suspend=n,address=127.0.0.1:56416
Begin MonoManager ReloadAssembly
Registering precompiled unity dll's ...
Register platform support module: C:/Program Files/Unity/Hub/Editor/2020.3.19f1/Editor/Data/PlaybackEngines/WindowsStandaloneSupport/UnityEditor.WindowsStandalone.Extensions.dll
Registered in 0.001316 seconds.
Native extension for WindowsStandalone target not found
Refreshing native plugins compatible for Editor in 39.25 ms, found 2 plugins.
Preloading 0 native plugins for Editor in 0.00 ms.
Mono: successfully reloaded assembly
- Completed reload, in  0.829 seconds
Domain Reload Profiling:
	ReloadAssembly (830ms)
		BeginReloadAssembly (42ms)
			ExecutionOrderSort (0ms)
			DisableScriptedObjects (0ms)
			BackupInstance (0ms)
			ReleaseScriptingObjects (0ms)
			CreateAndSetChildDomain (1ms)
		EndReloadAssembly (355ms)
			LoadAssemblies (40ms)
			RebuildTransferFunctionScriptingTraits (0ms)
			SetupTypeCache (125ms)
			ReleaseScriptCaches (0ms)
			RebuildScriptCaches (26ms)
			SetupLoadedEditorAssemblies (145ms)
				LogAssemblyErrors (0ms)
				InitializePlatformSupportModulesInManaged (3ms)
				SetLoadedEditorAssemblies (0ms)
				RefreshPlugins (39ms)
				BeforeProcessingInitializeOnLoad (12ms)
				ProcessInitializeOnLoadAttributes (66ms)
				ProcessInitializeOnLoadMethodAttributes (24ms)
				AfterProcessingInitializeOnLoad (0ms)
				EditorAssembliesLoaded (0ms)
			ExecutionOrderSort2 (0ms)
			AwakeInstancesAfterBackupRestoration (0ms)
Platform modules already initialized, skipping
Registering precompiled user dll's ...
Registered in 0.002767 seconds.
Begin MonoManager ReloadAssembly
Native extension for WindowsStandalone target not found
Refreshing native plugins compatible for Editor in 0.56 ms, found 2 plugins.
Preloading 0 native plugins for Editor in 0.00 ms.
Mono: successfully reloaded assembly
- Completed reload, in  0.869 seconds
Domain Reload Profiling:
	ReloadAssembly (870ms)
		BeginReloadAssembly (121ms)
			ExecutionOrderSort (0ms)
			DisableScriptedObjects (4ms)
			BackupInstance (0ms)
			ReleaseScriptingObjects (0ms)
			CreateAndSetChildDomain (18ms)
		EndReloadAssembly (698ms)
			LoadAssemblies (69ms)
			RebuildTransferFunctionScriptingTraits (0ms)
			SetupTypeCache (224ms)
			ReleaseScriptCaches (1ms)
			RebuildScriptCaches (33ms)
			SetupLoadedEditorAssemblies (299ms)
				LogAssemblyErrors (0ms)
				InitializePlatformSupportModulesInManaged (4ms)
				SetLoadedEditorAssemblies (0ms)
				RefreshPlugins (1ms)
				BeforeProcessingInitializeOnLoad (75ms)
				ProcessInitializeOnLoadAttributes (212ms)
				ProcessInitializeOnLoadMethodAttributes (4ms)
				AfterProcessingInitializeOnLoad (4ms)
				EditorAssembliesLoaded (0ms)
			ExecutionOrderSort2 (0ms)
			AwakeInstancesAfterBackupRestoration (5ms)
Platform modules already initialized, skipping
========================================================================
Worker process is ready to serve import requests
Launched and connected shader compiler UnityShaderCompiler.exe after 0.05 seconds
Refreshing native plugins compatible for Editor in 0.54 ms, found 2 plugins.
Preloading 0 native plugins for Editor in 0.00 ms.
Unloading 1998 Unused Serialized files (Serialized files now loaded: 0)
System memory in use before: 97.8 MB.
System memory in use after: 97.8 MB.

Unloading 41 unused Assets to reduce memory usage. Loaded Objects now: 2434.
Total: 3.373900 ms (FindLiveObjects: 0.223600 ms CreateObjectMapping: 0.042900 ms MarkObjects: 2.927400 ms  DeleteObjects: 0.178600 ms)

AssetImportParameters requested are different than current active one (requested -> active):
  custom:framework-win-MediaFoundation: 216162199b28c13a410421893ffa2e32 -> 
  custom:video-decoder-ogg-theora: a1e56fd34408186e4bbccfd4996cb3dc -> 
  custom:container-muxer-webm: aa71ff27fc2769a1b78a27578f13a17b -> 
  custom:container-demuxer-webm: 4f35f7cbe854078d1ac9338744f61a02 -> 
  custom:container-demuxer-ogg: 62fdf1f143b41e24485cea50d1cbac27 -> 
  custom:video-encoder-webm-vp8: eb34c28f22e8b96e1ab97ce403110664 -> 
  custom:video-decoder-webm-vp8: 9c59270c3fd7afecdb556c50c9e8de78 -> 
  custom:audio-decoder-ogg-vorbis: bf7c407c2cedff20999df2af8eb42d56 -> 
  custom:audio-encoder-webm-vorbis: bf7c407c2cedff20999df2af8eb42d56 -> 
========================================================================
Received Import Request.
  path: Assets/mats/Barrel 1.mat
  artifactKey: Guid(e57df196d61808f4998acfa8c92ff516) Importer(815301076,1909f56bfc062723c751e8b465ee728b)
Start importing Assets/mats/Barrel 1.mat using Guid(e57df196d61808f4998acfa8c92ff516) Importer(815301076,1909f56bfc062723c751e8b465ee728b)  -> (artifact id: '1391b84d22e76a961d9f9efac3ad40cf') in 0.086974 seconds 
  Import took 0.090148 seconds .

========================================================================
Received Import Request.
  Time since last request: 0.000242 seconds.
  path: Assets/mats/Barrel.mat
  artifactKey: Guid(57609c65dc4f22b4ea4e190cc96dc740) Importer(815301076,1909f56bfc062723c751e8b465ee728b)
Start importing Assets/mats/Barrel.mat using Guid(57609c65dc4f22b4ea4e190cc96dc740) Importer(815301076,1909f56bfc062723c751e8b465ee728b)  -> (artifact id: 'ec62ec3d8162ff6502c5c694e76ef1d5') in 0.012299 seconds 
  Import took 0.015206 seconds .

========================================================================
Received Import Request.
  Time since last request: 6.281697 seconds.
  path: Assets/TextMesh Pro/Examples & Extras/Resources/Fonts & Materials/Electronic Highway Sign SDF.asset
  artifactKey: Guid(dc36b3fdc14f47ebb36fd484a67e268a) Importer(815301076,1909f56bfc062723c751e8b465ee728b)
Start importing Assets/TextMesh Pro/Examples & Extras/Resources/Fonts & Materials/Electronic Highway Sign SDF.asset using Guid(dc36b3fdc14f47ebb36fd484a67e268a) Importer(815301076,1909f56bfc062723c751e8b465ee728b)  -> (artifact id: 'e05e14b30d0bfa454f0cfa32c3e996e0') in 0.020854 seconds 
  Import took 0.024246 seconds .

========================================================================
Received Import Request.
  Time since last request: 0.000176 seconds.
  path: Assets/mats/Julia/Textures/Faces.png
  artifactKey: Guid(bda3584b680c9894b919a4eead58bb4b) Importer(815301076,1909f56bfc062723c751e8b465ee728b)
Start importing Assets/mats/Julia/Textures/Faces.png using Guid(bda3584b680c9894b919a4eead58bb4b) Importer(815301076,1909f56bfc062723c751e8b465ee728b)  -> (artifact id: '7e8234d769b8df14b832146a2817bd87') in 0.077857 seconds 
  Import took 0.081747 seconds .

========================================================================
Received Import Request.
  Time since last request: 0.000225 seconds.
  path: Assets/TextMesh Pro/Sprites/EmojiOne.png
  artifactKey: Guid(dffef66376be4fa480fb02b19edbe903) Importer(815301076,1909f56bfc062723c751e8b465ee728b)
Start importing Assets/TextMesh Pro/Sprites/EmojiOne.png using Guid(dffef66376be4fa480fb02b19edbe903) Importer(815301076,1909f56bfc062723c751e8b465ee728b)  -> (artifact id: 'a9f2465cb960e74ab54e814fa6201847') in 0.018818 seconds 
  Import took 0.021874 seconds .

========================================================================
Received Import Request.
  Time since last request: 2.852282 seconds.
  path: Assets/TextMesh Pro/Examples & Extras/Textures/Floor Cement.jpg
  artifactKey: Guid(283f897e4925411ebbaa758b4cb13fc2) Importer(815301076,1909f56bfc062723c751e8b465ee728b)
Start importing Assets/TextMesh Pro/Examples & Extras/Textures/Floor Cement.jpg using Guid(283f897e4925411ebbaa758b4cb13fc2) Importer(815301076,1909f56bfc062723c751e8b465ee728b)  -> (artifact id: '9c3f78aced80d392aaa406d20f60c0f3') in 0.017510 seconds 
  Import took 0.020743 seconds .

========================================================================
Received Import Request.
  Time since last request: 0.000167 seconds.
  path: Assets/TextMesh Pro/Examples & Extras/Fonts/Oswald-Bold.ttf
  artifactKey: Guid(c9f6d0e7bc8541498c9a4799ba184ede) Importer(815301076,1909f56bfc062723c751e8b465ee728b)
Start importing Assets/TextMesh Pro/Examples & Extras/Fonts/Oswald-Bold.ttf using Guid(c9f6d0e7bc8541498c9a4799ba184ede) Importer(815301076,1909f56bfc062723c751e8b465ee728b)  -> (artifact id: 'd8e2a05ed6aa2c88fcfa7ad752a35e28') in 0.033297 seconds 
  Import took 0.036019 seconds .

========================================================================
Received Import Request.
  Time since last request: 0.000177 seconds.
  path: Assets/TextMesh Pro/Examples & Extras/Fonts/Roboto-Bold.ttf
  artifactKey: Guid(4beb055f07aaff244873dec698d0363e) Importer(815301076,1909f56bfc062723c751e8b465ee728b)
Start importing Assets/TextMesh Pro/Examples & Extras/Fonts/Roboto-Bold.ttf using Guid(4beb055f07aaff244873dec698d0363e) Importer(815301076,1909f56bfc062723c751e8b465ee728b)  -> (artifact id: 'd352ce883e1587fbddf91b93af92d72c') in 0.050731 seconds 
  Import took 0.053912 seconds .

========================================================================
Received Import Request.
  Time since last request: 0.000186 seconds.
  path: Assets/TextMesh Pro/Examples & Extras/Textures/Floor Tiles 1 - diffuse.jpg
  artifactKey: Guid(85ac55597b97403c82fc6601a93cf241) Importer(815301076,1909f56bfc062723c751e8b465ee728b)
Start importing Assets/TextMesh Pro/Examples & Extras/Textures/Floor Tiles 1 - diffuse.jpg using Guid(85ac55597b97403c82fc6601a93cf241) Importer(815301076,1909f56bfc062723c751e8b465ee728b)  -> (artifact id: '2256904174df5d45afac93a471aee028') in 0.033278 seconds 
  Import took 0.036006 seconds .

========================================================================
Received Import Request.
  Time since last request: 0.643194 seconds.
  path: Assets/TextMesh Pro/Examples & Extras/Fonts/Bangers.ttf
  artifactKey: Guid(5dd49b3eacc540408c98eee0de38e0f1) Importer(815301076,1909f56bfc062723c751e8b465ee728b)
Start importing Assets/TextMesh Pro/Examples & Extras/Fonts/Bangers.ttf using Guid(5dd49b3eacc540408c98eee0de38e0f1) Importer(815301076,1909f56bfc062723c751e8b465ee728b)  -> (artifact id: '8cdd47cf9e4901313d7f2c29d46a6eae') in 0.011919 seconds 
  Import took 0.015202 seconds .

========================================================================
Received Import Request.
  Time since last request: 0.000164 seconds.
  path: Assets/TextMesh Pro/Examples & Extras/Fonts/Electronic Highway Sign.TTF
  artifactKey: Guid(8a2b9e2a607dd2143b58c44bc32410b4) Importer(815301076,1909f56bfc062723c751e8b465ee728b)
Start importing Assets/TextMesh Pro/Examples & Extras/Fonts/Electronic Highway Sign.TTF using Guid(8a2b9e2a607dd2143b58c44bc32410b4) Importer(815301076,1909f56bfc062723c751e8b465ee728b)  -> (artifact id: '44f6a1b895987c768c291f959c4c3d70') in 0.017351 seconds 
  Import took 0.020341 seconds .

========================================================================
Received Import Request.
  Time since last request: 0.000190 seconds.
  path: Assets/TextMesh Pro/Fonts/LiberationSans.ttf
  artifactKey: Guid(e3265ab4bf004d28a9537516768c1c75) Importer(815301076,1909f56bfc062723c751e8b465ee728b)
Start importing Assets/TextMesh Pro/Fonts/LiberationSans.ttf using Guid(e3265ab4bf004d28a9537516768c1c75) Importer(815301076,1909f56bfc062723c751e8b465ee728b)  -> (artifact id: '1c869fe3032a6fa49c149376b99f259b') in 0.011647 seconds 
  Import took 0.014446 seconds .

========================================================================
Received Import Request.
  Time since last request: 0.000185 seconds.
  path: Assets/TextMesh Pro/Examples & Extras/Fonts/Anton.ttf
  artifactKey: Guid(997a43b767814dd0a7642ec9b78cba41) Importer(815301076,1909f56bfc062723c751e8b465ee728b)
Start importing Assets/TextMesh Pro/Examples & Extras/Fonts/Anton.ttf using Guid(997a43b767814dd0a7642ec9b78cba41) Importer(815301076,1909f56bfc062723c751e8b465ee728b)  -> (artifact id: '5f3d38cf2666f14d427eab49687b6b6c') in 0.013831 seconds 
  Import took 0.017104 seconds .

========================================================================
Received Import Request.
  Time since last request: 0.000188 seconds.
  path: Assets/TextMesh Pro/Examples & Extras/Textures/Gradient Horizontal (Color).jpg
  artifactKey: Guid(6eb184de103d4b3f812b38561065192f) Importer(815301076,1909f56bfc062723c751e8b465ee728b)
Start importing Assets/TextMesh Pro/Examples & Extras/Textures/Gradient Horizontal (Color).jpg using Guid(6eb184de103d4b3f812b38561065192f) Importer(815301076,1909f56bfc062723c751e8b465ee728b)  -> (artifact id: 'd75d976c28cf2102cab1a037311ba60d') in 0.013464 seconds 
  Import took 0.016214 seconds .

========================================================================
Received Import Request.
  Time since last request: 0.000188 seconds.
  path: Assets/TextMesh Pro/Examples & Extras/Textures/Gradient Diagonal (Color).jpg
  artifactKey: Guid(2ce5c55e85304b819a1826ecbc839aa5) Importer(815301076,1909f56bfc062723c751e8b465ee728b)
Start importing Assets/TextMesh Pro/Examples & Extras/Textures/Gradient Diagonal (Color).jpg using Guid(2ce5c55e85304b819a1826ecbc839aa5) Importer(815301076,1909f56bfc062723c751e8b465ee728b)  -> (artifact id: '5d50646de06494888925a844119338b0') in 0.011664 seconds 
  Import took 0.014500 seconds .

========================================================================
Received Import Request.
  Time since last request: 0.000201 seconds.
  path: Assets/mats/Julia/Textures/golden.png
  artifactKey: Guid(178e8feb527261a46baaaf9b5606d311) Importer(815301076,1909f56bfc062723c751e8b465ee728b)
Start importing Assets/mats/Julia/Textures/golden.png using Guid(178e8feb527261a46baaaf9b5606d311) Importer(815301076,1909f56bfc062723c751e8b465ee728b)  -> (artifact id: 'df7436a21361546c28fa4789954f5d13') in 0.033393 seconds 
  Import took 0.036723 seconds .

========================================================================
Received Import Request.
  Time since last request: 0.000175 seconds.
  path: Assets/TextMesh Pro/Examples & Extras/Textures/Fruit Jelly (B&W).jpg
  artifactKey: Guid(1cdc5b506b1a4a33a53c30669ced1f51) Importer(815301076,1909f56bfc062723c751e8b465ee728b)
Start importing Assets/TextMesh Pro/Examples & Extras/Textures/Fruit Jelly (B&W).jpg using Guid(1cdc5b506b1a4a33a53c30669ced1f51) Importer(815301076,1909f56bfc062723c751e8b465ee728b)  -> (artifact id: 'd33c06df071cbaed5f29c83b4892c639') in 0.013294 seconds 
  Import took 0.016265 seconds .

========================================================================
Received Import Request.
  Time since last request: 0.155901 seconds.
  path: Assets/TextMesh Pro/Examples & Extras/Textures/Gradient Vertical (Color).jpg
  artifactKey: Guid(03d0538de6e24c0f819bfc9ce084dfa9) Importer(815301076,1909f56bfc062723c751e8b465ee728b)
Start importing Assets/TextMesh Pro/Examples & Extras/Textures/Gradient Vertical (Color).jpg using Guid(03d0538de6e24c0f819bfc9ce084dfa9) Importer(815301076,1909f56bfc062723c751e8b465ee728b)  -> (artifact id: '82c6bc1d81b7f99590600822ff4fd905') in 0.012462 seconds 
  Import took 0.015891 seconds .

========================================================================
Received Import Request.
  Time since last request: 0.000161 seconds.
  path: Assets/mats/Julia/Textures/greenh.png
  artifactKey: Guid(dfc61b6c402ae4b4bac94de54132c12d) Importer(815301076,1909f56bfc062723c751e8b465ee728b)
Start importing Assets/mats/Julia/Textures/greenh.png using Guid(dfc61b6c402ae4b4bac94de54132c12d) Importer(815301076,1909f56bfc062723c751e8b465ee728b)  -> (artifact id: '75f5b9db335f94b405f72fb877362443') in 0.012110 seconds 
  Import took 0.014992 seconds .

========================================================================
Received Import Request.
  Time since last request: 1.818235 seconds.
  path: Assets/mats/Julia/Textures/Greenjules.png
  artifactKey: Guid(ecc0d6e57ee217b47a6c073f28628baa) Importer(815301076,1909f56bfc062723c751e8b465ee728b)
Start importing Assets/mats/Julia/Textures/Greenjules.png using Guid(ecc0d6e57ee217b47a6c073f28628baa) Importer(815301076,1909f56bfc062723c751e8b465ee728b)  -> (artifact id: '306dbe4c3c0131362058f7a42a943fff') in 0.034218 seconds 
  Import took 0.037603 seconds .

========================================================================
Received Import Request.
  Time since last request: 0.000169 seconds.
  path: Assets/mats/Julia/Textures/lello.png
  artifactKey: Guid(06eeaf31e9c41fa419925b82c0f09be7) Importer(815301076,1909f56bfc062723c751e8b465ee728b)
Start importing Assets/mats/Julia/Textures/lello.png using Guid(06eeaf31e9c41fa419925b82c0f09be7) Importer(815301076,1909f56bfc062723c751e8b465ee728b)  -> (artifact id: 'e31c062729636148a7491d1afbeedfd2') in 0.019636 seconds 
  Import took 0.022515 seconds .

========================================================================
Received Import Request.
  Time since last request: 0.000158 seconds.
  path: Assets/mats/Julia/Textures/JuliaTex.png
  artifactKey: Guid(63aa4823dbd472843b34813983a04d69) Importer(815301076,1909f56bfc062723c751e8b465ee728b)
Start importing Assets/mats/Julia/Textures/JuliaTex.png using Guid(63aa4823dbd472843b34813983a04d69) Importer(815301076,1909f56bfc062723c751e8b465ee728b)  -> (artifact id: '18f3122127c5e9bb451b3cd11b3bbb50') in 0.023491 seconds 
  Import took 0.026308 seconds .

========================================================================
Received Import Request.
  Time since last request: 0.000177 seconds.
  path: Assets/TextMesh Pro/Resources/Fonts & Materials/LiberationSans SDF - Fallback.asset
  artifactKey: Guid(2e498d1c8094910479dc3e1b768306a4) Importer(815301076,1909f56bfc062723c751e8b465ee728b)
Start importing Assets/TextMesh Pro/Resources/Fonts & Materials/LiberationSans SDF - Fallback.asset using Guid(2e498d1c8094910479dc3e1b768306a4) Importer(815301076,1909f56bfc062723c751e8b465ee728b)  -> (artifact id: '51c04c4eb1fe56f4035929e75ea12f6f') in 0.012255 seconds 
  Import took 0.015176 seconds .

========================================================================
Received Import Request.
  Time since last request: 0.000181 seconds.
  path: Assets/mats/tex/magenta.png
  artifactKey: Guid(699a44f9e9801df4faf920956ac1643b) Importer(815301076,1909f56bfc062723c751e8b465ee728b)
Start importing Assets/mats/tex/magenta.png using Guid(699a44f9e9801df4faf920956ac1643b) Importer(815301076,1909f56bfc062723c751e8b465ee728b)  -> (artifact id: '895cd7505475eef79bddf7b94efe0b6e') in 0.025700 seconds 
  Import took 0.028740 seconds .

========================================================================
Received Import Request.
  Time since last request: 0.000210 seconds.
  path: Assets/TextMesh Pro/Resources/Fonts & Materials/LiberationSans SDF.asset
  artifactKey: Guid(8f586378b4e144a9851e7b34d9b748ee) Importer(815301076,1909f56bfc062723c751e8b465ee728b)
Start importing Assets/TextMesh Pro/Resources/Fonts & Materials/LiberationSans SDF.asset using Guid(8f586378b4e144a9851e7b34d9b748ee) Importer(815301076,1909f56bfc062723c751e8b465ee728b)  -> (artifact id: 'ad8ae6355c44d33256990128b7504125') in 0.032386 seconds 
  Import took 0.038813 seconds .

========================================================================
Received Import Request.
  Time since last request: 0.192351 seconds.
  path: Assets/mats/tex/magenta dark.png
  artifactKey: Guid(13905c41bde33cf44bd409370e320f1a) Importer(815301076,1909f56bfc062723c751e8b465ee728b)
Start importing Assets/mats/tex/magenta dark.png using Guid(13905c41bde33cf44bd409370e320f1a) Importer(815301076,1909f56bfc062723c751e8b465ee728b)  -> (artifact id: '2aa19f03a91a718fa5c5f00cf20fc0e6') in 0.015870 seconds 
  Import took 0.019316 seconds .

========================================================================
Received Import Request.
  Time since last request: 0.000182 seconds.
  path: Assets/TextMesh Pro/Examples & Extras/Textures/Mask Zig-n-Zag.psd
  artifactKey: Guid(bb8dfcd263ad4eb383a33d74a720be6f) Importer(815301076,1909f56bfc062723c751e8b465ee728b)
Start importing Assets/TextMesh Pro/Examples & Extras/Textures/Mask Zig-n-Zag.psd using Guid(bb8dfcd263ad4eb383a33d74a720be6f) Importer(815301076,1909f56bfc062723c751e8b465ee728b)  -> (artifact id: '1dc1446606f3be348acc1a35c410202a') in 0.016988 seconds 
  Import took 0.020302 seconds .

========================================================================
Received Import Request.
  Time since last request: 0.000194 seconds.
  path: Assets/mats/tex/Material Base Color.png
  artifactKey: Guid(ffbeeb68c1f38854da6d654adf8eca3c) Importer(815301076,1909f56bfc062723c751e8b465ee728b)
Start importing Assets/mats/tex/Material Base Color.png using Guid(ffbeeb68c1f38854da6d654adf8eca3c) Importer(815301076,1909f56bfc062723c751e8b465ee728b)  -> (artifact id: '19e476e38473cef2fef44bf8d90344d2') in 0.020921 seconds 
  Import took 0.024107 seconds .

========================================================================
Received Import Request.
  Time since last request: 0.000181 seconds.
  path: Assets/mats/tex/magenta dark2.png
  artifactKey: Guid(a58e3433b1c7cf84f8a1c3fde67de697) Importer(815301076,1909f56bfc062723c751e8b465ee728b)
Start importing Assets/mats/tex/magenta dark2.png using Guid(a58e3433b1c7cf84f8a1c3fde67de697) Importer(815301076,1909f56bfc062723c751e8b465ee728b)  -> (artifact id: '21f7712ff3c36c8b61d1c4936a122151') in 0.014701 seconds 
  Import took 0.017626 seconds .

========================================================================
Received Import Request.
  Time since last request: 0.000208 seconds.
  path: Assets/mats/tex/magentatile.png
  artifactKey: Guid(48762a4346910a74f8df9f4ef97efbf7) Importer(815301076,1909f56bfc062723c751e8b465ee728b)
Start importing Assets/mats/tex/magentatile.png using Guid(48762a4346910a74f8df9f4ef97efbf7) Importer(815301076,1909f56bfc062723c751e8b465ee728b)  -> (artifact id: '05b6d63f2fcb3e54837376af7fad8b48') in 0.013648 seconds 
  Import took 0.016564 seconds .

========================================================================
Received Import Request.
  Time since last request: 0.535416 seconds.
  path: Assets/TextMesh Pro/Examples & Extras/Resources/Fonts & Materials/Oswald Bold SDF.asset
  artifactKey: Guid(0161d805a3764c089bef00bfe00793f5) Importer(815301076,1909f56bfc062723c751e8b465ee728b)
Start importing Assets/TextMesh Pro/Examples & Extras/Resources/Fonts & Materials/Oswald Bold SDF.asset using Guid(0161d805a3764c089bef00bfe00793f5) Importer(815301076,1909f56bfc062723c751e8b465ee728b)  -> (artifact id: '0847dc8707402d478319130f7b38be07') in 0.013051 seconds 
  Import took 0.016383 seconds .

========================================================================
Received Import Request.
  Time since last request: 0.000181 seconds.
  path: Assets/mats/tex/red.png
  artifactKey: Guid(4e397d91a12528746b1504c595324062) Importer(815301076,1909f56bfc062723c751e8b465ee728b)
Start importing Assets/mats/tex/red.png using Guid(4e397d91a12528746b1504c595324062) Importer(815301076,1909f56bfc062723c751e8b465ee728b)  -> (artifact id: '16d71da70a9ba9beb392439187c0c081') in 0.015204 seconds 
  Import took 0.017855 seconds .

========================================================================
Received Import Request.
  Time since last request: 0.000186 seconds.
  path: Assets/mats/tex/parkbench.png
  artifactKey: Guid(809c41fe446e97f43ad2da561c98abb4) Importer(815301076,1909f56bfc062723c751e8b465ee728b)
Start importing Assets/mats/tex/parkbench.png using Guid(809c41fe446e97f43ad2da561c98abb4) Importer(815301076,1909f56bfc062723c751e8b465ee728b)  -> (artifact id: 'beb0150600ff6e7439fc4cf2c03b06b1') in 0.008893 seconds 
  Import took 0.012067 seconds .

========================================================================
Received Import Request.
  Time since last request: 0.000175 seconds.
  path: Assets/mats/tex/Pretzel.png
  artifactKey: Guid(1b14bae2f37315f4d8fee1a1a2c4f9a3) Importer(815301076,1909f56bfc062723c751e8b465ee728b)
Start importing Assets/mats/tex/Pretzel.png using Guid(1b14bae2f37315f4d8fee1a1a2c4f9a3) Importer(815301076,1909f56bfc062723c751e8b465ee728b)  -> (artifact id: 'a203a4a4143ee15d7d3568987d067d1e') in 0.013766 seconds 
  Import took 0.016834 seconds .

========================================================================
Received Import Request.
  Time since last request: 0.000161 seconds.
  path: Assets/mats/Julia/Textures/pinkie.png
  artifactKey: Guid(9b94dee81336a184c8782dfb77380093) Importer(815301076,1909f56bfc062723c751e8b465ee728b)
Start importing Assets/mats/Julia/Textures/pinkie.png using Guid(9b94dee81336a184c8782dfb77380093) Importer(815301076,1909f56bfc062723c751e8b465ee728b)  -> (artifact id: '0dc49337d3ac9091780fb383f11ae59a') in 0.030930 seconds 
  Import took 0.033814 seconds .

========================================================================
Received Import Request.
  Time since last request: 0.734743 seconds.
  path: Assets/mats/tex/red dark.png
  artifactKey: Guid(ee74b9843e6e51644b9d4a30b7cb63f7) Importer(815301076,1909f56bfc062723c751e8b465ee728b)
Start importing Assets/mats/tex/red dark.png using Guid(ee74b9843e6e51644b9d4a30b7cb63f7) Importer(815301076,1909f56bfc062723c751e8b465ee728b)  -> (artifact id: 'b36a2f3efabff338d7974068a9eb6e36') in 0.016355 seconds 
  Import took 0.019708 seconds .

========================================================================
Received Import Request.
  Time since last request: 0.000161 seconds.
  path: Assets/mats/tex/red dark 2 .png
  artifactKey: Guid(8aef23a997bc9fb44b4371b535812283) Importer(815301076,1909f56bfc062723c751e8b465ee728b)
Start importing Assets/mats/tex/red dark 2 .png using Guid(8aef23a997bc9fb44b4371b535812283) Importer(815301076,1909f56bfc062723c751e8b465ee728b)  -> (artifact id: '816817f3195b61908316fd123995c3e7') in 0.017939 seconds 
  Import took 0.020888 seconds .

========================================================================
Received Import Request.
  Time since last request: 0.000164 seconds.
  path: Assets/mats/tex/redtile.png
  artifactKey: Guid(687022f3b8453c5408512c40656db89c) Importer(815301076,1909f56bfc062723c751e8b465ee728b)
Start importing Assets/mats/tex/redtile.png using Guid(687022f3b8453c5408512c40656db89c) Importer(815301076,1909f56bfc062723c751e8b465ee728b)  -> (artifact id: '9dfc0e2ee9e7acaa97c24b384ac65a43') in 0.016026 seconds 
  Import took 0.019181 seconds .

========================================================================
Received Import Request.
  Time since last request: 0.000160 seconds.
  path: Assets/mats/tex/red guitar .png
  artifactKey: Guid(82bb15a337422f449ab2960928147b36) Importer(815301076,1909f56bfc062723c751e8b465ee728b)
Start importing Assets/mats/tex/red guitar .png using Guid(82bb15a337422f449ab2960928147b36) Importer(815301076,1909f56bfc062723c751e8b465ee728b)  -> (artifact id: '8374dd367e43e7765e187c0f15247ced') in 0.036004 seconds 
  Import took 0.039080 seconds .

========================================================================
Received Import Request.
  Time since last request: 0.000144 seconds.
  path: Assets/mats/tex/screen.png
  artifactKey: Guid(734f6818327aabe438f9a63fa82d652b) Importer(815301076,1909f56bfc062723c751e8b465ee728b)
Start importing Assets/mats/tex/screen.png using Guid(734f6818327aabe438f9a63fa82d652b) Importer(815301076,1909f56bfc062723c751e8b465ee728b)  -> (artifact id: 'ce2de107b2a5886f8426ef4a99091332') in 0.011033 seconds 
  Import took 0.013906 seconds .

========================================================================
Received Import Request.
  Time since last request: 0.000173 seconds.
  path: Assets/mats/tex/roombaTex.png
  artifactKey: Guid(c14db6c8c8b3f4d45a8d960deadec61b) Importer(815301076,1909f56bfc062723c751e8b465ee728b)
Start importing Assets/mats/tex/roombaTex.png using Guid(c14db6c8c8b3f4d45a8d960deadec61b) Importer(815301076,1909f56bfc062723c751e8b465ee728b)  -> (artifact id: '5b196e652d53ab87d52c1ced03d6b1a5') in 0.031609 seconds 
  Import took 0.034292 seconds .

========================================================================
Received Import Request.
  Time since last request: 0.000169 seconds.
  path: Assets/mats/Julia/Textures/shadowlujed.png
  artifactKey: Guid(012cd130e556712469e585f395977ea3) Importer(815301076,1909f56bfc062723c751e8b465ee728b)
Start importing Assets/mats/Julia/Textures/shadowlujed.png using Guid(012cd130e556712469e585f395977ea3) Importer(815301076,1909f56bfc062723c751e8b465ee728b)  -> (artifact id: 'cf42b04793a07f3838870d48f0a6e6bb') in 0.027962 seconds 
  Import took 0.030862 seconds .

========================================================================
Received Import Request.
  Time since last request: 0.000182 seconds.
  path: Assets/TextMesh Pro/Examples & Extras/Resources/Fonts & Materials/Roboto-Bold SDF.asset
  artifactKey: Guid(5302535af1044152a457ed104f1f4b91) Importer(815301076,1909f56bfc062723c751e8b465ee728b)
Start importing Assets/TextMesh Pro/Examples & Extras/Resources/Fonts & Materials/Roboto-Bold SDF.asset using Guid(5302535af1044152a457ed104f1f4b91) Importer(815301076,1909f56bfc062723c751e8b465ee728b)  -> (artifact id: '3f9bb3c2f9e70ffe166c90edb43233fa') in 0.020281 seconds 
  Import took 0.023616 seconds .

========================================================================
Received Import Request.
  Time since last request: 0.000185 seconds.
  path: Assets/mats/tex/ROOMBA 2 .png
  artifactKey: Guid(27c78d564d7ab8546ba092970ce09f74) Importer(815301076,1909f56bfc062723c751e8b465ee728b)
Start importing Assets/mats/tex/ROOMBA 2 .png using Guid(27c78d564d7ab8546ba092970ce09f74) Importer(815301076,1909f56bfc062723c751e8b465ee728b)  -> (artifact id: '14ded10ac6c3eb67dab3486dda6e160c') in 0.026396 seconds 
  Import took 0.029706 seconds .

========================================================================
Received Import Request.
  Time since last request: 0.000186 seconds.
  path: Assets/mats/Julia/Textures/redjules.png
  artifactKey: Guid(0daea300468516b44892ae8a4325bf67) Importer(815301076,1909f56bfc062723c751e8b465ee728b)
Start importing Assets/mats/Julia/Textures/redjules.png using Guid(0daea300468516b44892ae8a4325bf67) Importer(815301076,1909f56bfc062723c751e8b465ee728b)  -> (artifact id: 'dc1e94a7d5139d6c7eaedce152fb0535') in 0.042834 seconds 
  Import took 0.046168 seconds .

========================================================================
Received Import Request.
  Time since last request: 0.099990 seconds.
  path: Assets/mats/tex/sign.png
  artifactKey: Guid(5b59882dd5f71f044883800004ce5a65) Importer(815301076,1909f56bfc062723c751e8b465ee728b)
Start importing Assets/mats/tex/sign.png using Guid(5b59882dd5f71f044883800004ce5a65) Importer(815301076,1909f56bfc062723c751e8b465ee728b)  -> (artifact id: '536f92976206a9435f7f2b8eb722d53b') in 0.009937 seconds 
  Import took 0.013301 seconds .

========================================================================
Received Import Request.
  Time since last request: 0.000165 seconds.
  path: Assets/TextMesh Pro/Examples & Extras/Textures/Small Crate_normal.jpg
  artifactKey: Guid(8878a782f4334ecbbcf683b3ac780966) Importer(815301076,1909f56bfc062723c751e8b465ee728b)
Start importing Assets/TextMesh Pro/Examples & Extras/Textures/Small Crate_normal.jpg using Guid(8878a782f4334ecbbcf683b3ac780966) Importer(815301076,1909f56bfc062723c751e8b465ee728b)  -> (artifact id: 'd3d507ed05311bb61d388f2be187af6d') in 0.017462 seconds 
  Import took 0.020540 seconds .

========================================================================
Received Import Request.
  Time since last request: 0.000161 seconds.
  path: Assets/mats/tex/spaghetti-hero-a37c80e.jpg
  artifactKey: Guid(680d449f71e256d48b29e156c66a667a) Importer(815301076,1909f56bfc062723c751e8b465ee728b)
Start importing Assets/mats/tex/spaghetti-hero-a37c80e.jpg using Guid(680d449f71e256d48b29e156c66a667a) Importer(815301076,1909f56bfc062723c751e8b465ee728b)  -> (artifact id: 'b9f2c425f7e07ea9718b405612a5c703') in 0.021431 seconds 
  Import took 0.024174 seconds .

========================================================================
Received Import Request.
  Time since last request: 0.000186 seconds.
  path: Assets/TextMesh Pro/Examples & Extras/Textures/Small Crate_diffuse.jpg
  artifactKey: Guid(602cb87b6a29443b8636370ea0751574) Importer(815301076,1909f56bfc062723c751e8b465ee728b)
Start importing Assets/TextMesh Pro/Examples & Extras/Textures/Small Crate_diffuse.jpg using Guid(602cb87b6a29443b8636370ea0751574) Importer(815301076,1909f56bfc062723c751e8b465ee728b)  -> (artifact id: 'fa16fe410c609c2b87660640b9794b31') in 0.013816 seconds 
  Import took 0.017066 seconds .

========================================================================
Received Import Request.
  Time since last request: 0.000193 seconds.
  path: Assets/mats/tex/Stone wall tex.png
  artifactKey: Guid(d3ff67b22715d9e4a8ba0c3c11d841f0) Importer(815301076,1909f56bfc062723c751e8b465ee728b)
Start importing Assets/mats/tex/Stone wall tex.png using Guid(d3ff67b22715d9e4a8ba0c3c11d841f0) Importer(815301076,1909f56bfc062723c751e8b465ee728b)  -> (artifact id: '06eb3981da02a6e5ed515866dbcac678') in 0.041185 seconds 
  Import took 0.044410 seconds .

========================================================================
Received Import Request.
  Time since last request: 11.209651 seconds.
  path: Assets/mats/Tank.mat
  artifactKey: Guid(5ec2a3af019911840bbbce3cda70bf4d) Importer(815301076,1909f56bfc062723c751e8b465ee728b)
Start importing Assets/mats/Tank.mat using Guid(5ec2a3af019911840bbbce3cda70bf4d) Importer(815301076,1909f56bfc062723c751e8b465ee728b)  -> (artifact id: '60b640ce861be988b1dc0c484eb5a9be') in 0.049445 seconds 
  Import took 0.052842 seconds .

========================================================================
Received Import Request.
  Time since last request: 0.000161 seconds.
  path: Assets/mats/Trophy.mat
  artifactKey: Guid(8e00f6724e1b1714abbed6af5806bdce) Importer(815301076,1909f56bfc062723c751e8b465ee728b)
Start importing Assets/mats/Trophy.mat using Guid(8e00f6724e1b1714abbed6af5806bdce) Importer(815301076,1909f56bfc062723c751e8b465ee728b)  -> (artifact id: '70199f7b0c0ef1e4c9d50293588f0fe5') in 0.031344 seconds 
  Import took 0.034410 seconds .

========================================================================
Received Import Request.
  Time since last request: 0.000185 seconds.
  path: Assets/mats/TV.mat
  artifactKey: Guid(016d30676e3ef5c4789049d0cc1635b4) Importer(815301076,1909f56bfc062723c751e8b465ee728b)
Start importing Assets/mats/TV.mat using Guid(016d30676e3ef5c4789049d0cc1635b4) Importer(815301076,1909f56bfc062723c751e8b465ee728b)  -> (artifact id: '3bc84ad5b682b54ecec5b61581b40a8e') in 0.015368 seconds 
  Import took 0.018172 seconds .

========================================================================
Received Import Request.
  Time since last request: 0.000169 seconds.
  path: Assets/mats/WaterMat.mat
  artifactKey: Guid(3518158e16a5ed144bc87d0be6ccc5ac) Importer(815301076,1909f56bfc062723c751e8b465ee728b)
Start importing Assets/mats/WaterMat.mat using Guid(3518158e16a5ed144bc87d0be6ccc5ac) Importer(815301076,1909f56bfc062723c751e8b465ee728b)  -> (artifact id: 'fd20c990331acb522112b7414e5d0126') in 0.056441 seconds 
  Import took 0.059195 seconds .

========================================================================
Received Import Request.
  Time since last request: 0.000199 seconds.
  path: Assets/mats/VHS.mat
  artifactKey: Guid(887d292f4f0ab974aa646db7182cc7f4) Importer(815301076,1909f56bfc062723c751e8b465ee728b)
Start importing Assets/mats/VHS.mat using Guid(887d292f4f0ab974aa646db7182cc7f4) Importer(815301076,1909f56bfc062723c751e8b465ee728b)  -> (artifact id: 'f54d3154a8e468c5ba0e69c2e00082fd') in 0.028561 seconds 
  Import took 0.031849 seconds .

========================================================================
Received Import Request.
  Time since last request: 0.000177 seconds.
  path: Assets/mats/Tiile.mat
  artifactKey: Guid(8fde70601c6f47d43af02fc8ae4e2661) Importer(815301076,1909f56bfc062723c751e8b465ee728b)
Start importing Assets/mats/Tiile.mat using Guid(8fde70601c6f47d43af02fc8ae4e2661) Importer(815301076,1909f56bfc062723c751e8b465ee728b)  -> (artifact id: '3fe3d40d6ba0944cfd79691c0147ef7b') in 0.031411 seconds 
  Import took 0.034327 seconds .

========================================================================
Received Import Request.
  Time since last request: 0.000180 seconds.
  path: Assets/mats/Tissue Box.mat
  artifactKey: Guid(940f0603b9843a44eae3ad7ef101677c) Importer(815301076,1909f56bfc062723c751e8b465ee728b)
Start importing Assets/mats/Tissue Box.mat using Guid(940f0603b9843a44eae3ad7ef101677c) Importer(815301076,1909f56bfc062723c751e8b465ee728b)  -> (artifact id: 'f89013e7a0c16123abbc9e73d93daa6b') in 0.010848 seconds 
  Import took 0.013727 seconds .

========================================================================
Received Import Request.
  Time since last request: 68.915778 seconds.
  path: Assets/mats/tex/Stone wall texDARK.png
  artifactKey: Guid(fd393110cf92c6548a3df78cdb03d90a) Importer(815301076,1909f56bfc062723c751e8b465ee728b)
Start importing Assets/mats/tex/Stone wall texDARK.png using Guid(fd393110cf92c6548a3df78cdb03d90a) Importer(815301076,1909f56bfc062723c751e8b465ee728b)  -> (artifact id: '1f1f8ed228ad1bc581d63a020ed61ddb') in 0.022378 seconds 
  Import took 0.026105 seconds .

========================================================================
Received Import Request.
  Time since last request: 0.000193 seconds.
  path: Assets/mats/tex/Stone wall texDARK2 1.png
  artifactKey: Guid(0c1d14a87facc39498b32592717a96c3) Importer(815301076,1909f56bfc062723c751e8b465ee728b)
Start importing Assets/mats/tex/Stone wall texDARK2 1.png using Guid(0c1d14a87facc39498b32592717a96c3) Importer(815301076,1909f56bfc062723c751e8b465ee728b)  -> (artifact id: '4433fe2ba7e0d81178a86e537e7265fc') in 0.075665 seconds 
  Import took 0.078572 seconds .

========================================================================
Received Import Request.
  Time since last request: 0.000130 seconds.
  path: Assets/mats/tex/table.png
  artifactKey: Guid(961dee2e05411854ca1b6f48067403f0) Importer(815301076,1909f56bfc062723c751e8b465ee728b)
Start importing Assets/mats/tex/table.png using Guid(961dee2e05411854ca1b6f48067403f0) Importer(815301076,1909f56bfc062723c751e8b465ee728b)  -> (artifact id: '08332d64fca7c8080cd7a111d4d9ff1d') in 0.011856 seconds 
  Import took 0.014788 seconds .

========================================================================
Received Import Request.
  Time since last request: 0.000168 seconds.
  path: Assets/TextMesh Pro/Examples & Extras/Textures/Sunny Days - Seamless.jpg
  artifactKey: Guid(17c350171f7a3ca479f830547c66d187) Importer(815301076,1909f56bfc062723c751e8b465ee728b)
Start importing Assets/TextMesh Pro/Examples & Extras/Textures/Sunny Days - Seamless.jpg using Guid(17c350171f7a3ca479f830547c66d187) Importer(815301076,1909f56bfc062723c751e8b465ee728b)  -> (artifact id: '78f34744a3646818cd9421a9c669aee0') in 0.030324 seconds 
  Import took 0.033474 seconds .

========================================================================
Received Import Request.
  Time since last request: 0.000159 seconds.
  path: Assets/mats/tex/Stone wall texDARK2.png
  artifactKey: Guid(50bb3fe7451a1b649bde6b3c23b65ade) Importer(815301076,1909f56bfc062723c751e8b465ee728b)
Start importing Assets/mats/tex/Stone wall texDARK2.png using Guid(50bb3fe7451a1b649bde6b3c23b65ade) Importer(815301076,1909f56bfc062723c751e8b465ee728b)  -> (artifact id: 'e1e2a5e19f3dc9e20cbdc8e2f452846a') in 0.040195 seconds 
  Import took 0.043460 seconds .

========================================================================
Received Import Request.
  Time since last request: 0.422219 seconds.
  path: Assets/mats/tex/tank.png
  artifactKey: Guid(fd120aea454490f47b8d59cb2af9f5a5) Importer(815301076,1909f56bfc062723c751e8b465ee728b)
Start importing Assets/mats/tex/tank.png using Guid(fd120aea454490f47b8d59cb2af9f5a5) Importer(815301076,1909f56bfc062723c751e8b465ee728b)  -> (artifact id: '98c03002572697557af8424a372be675') in 0.016899 seconds 
  Import took 0.020276 seconds .

========================================================================
Received Import Request.
  Time since last request: 0.000172 seconds.
  path: Assets/mats/tex/tile.png
  artifactKey: Guid(b7f384ff38b9a6846b97b57091905491) Importer(815301076,1909f56bfc062723c751e8b465ee728b)
Start importing Assets/mats/tex/tile.png using Guid(b7f384ff38b9a6846b97b57091905491) Importer(815301076,1909f56bfc062723c751e8b465ee728b)  -> (artifact id: '9e3aff7502181f5b41cf1b33d8759f12') in 0.012807 seconds 
  Import took 0.016089 seconds .

========================================================================
Received Import Request.
  Time since last request: 0.000256 seconds.
  path: Assets/mats/tex/Tissue Box.png
  artifactKey: Guid(83236679c123c094280fb265c774293e) Importer(815301076,1909f56bfc062723c751e8b465ee728b)
Start importing Assets/mats/tex/Tissue Box.png using Guid(83236679c123c094280fb265c774293e) Importer(815301076,1909f56bfc062723c751e8b465ee728b)  -> (artifact id: '1c17896122fd5ecc076a19a815721ef7') in 0.015615 seconds 
  Import took 0.019097 seconds .

========================================================================
Received Import Request.
  Time since last request: 0.000175 seconds.
  path: Assets/TextMesh Pro/Examples & Extras/Textures/Text Overflow - Linked Text Image 1.png
  artifactKey: Guid(4ccf43d26c4748c792174516f4a8fcef) Importer(815301076,1909f56bfc062723c751e8b465ee728b)
Start importing Assets/TextMesh Pro/Examples & Extras/Textures/Text Overflow - Linked Text Image 1.png using Guid(4ccf43d26c4748c792174516f4a8fcef) Importer(815301076,1909f56bfc062723c751e8b465ee728b)  -> (artifact id: 'bb4aa81b44e38131a3d519c9a571847b') in 0.013523 seconds 
  Import took 0.016897 seconds .

========================================================================
Received Import Request.
  Time since last request: 0.000205 seconds.
  path: Assets/TextMesh Pro/Examples & Extras/Textures/Text Overflow - Linked Text UI Screenshot.png
  artifactKey: Guid(c76d18757a194d618355f05f815cb0a1) Importer(815301076,1909f56bfc062723c751e8b465ee728b)
Start importing Assets/TextMesh Pro/Examples & Extras/Textures/Text Overflow - Linked Text UI Screenshot.png using Guid(c76d18757a194d618355f05f815cb0a1) Importer(815301076,1909f56bfc062723c751e8b465ee728b)  -> (artifact id: 'd4ac9f1e5b3ba27869a83b1ddc4731b9') in 0.016065 seconds 
  Import took 0.019612 seconds .

========================================================================
Received Import Request.
  Time since last request: 0.793872 seconds.
  path: Assets/mats/tex/Tropphy.png
  artifactKey: Guid(3d5bc7bd9884c274fa7f4559c983a2db) Importer(815301076,1909f56bfc062723c751e8b465ee728b)
Start importing Assets/mats/tex/Tropphy.png using Guid(3d5bc7bd9884c274fa7f4559c983a2db) Importer(815301076,1909f56bfc062723c751e8b465ee728b)  -> (artifact id: '3a574e728cc35596be692ba6515fa1c3') in 0.014064 seconds 
  Import took 0.017333 seconds .

========================================================================
Received Import Request.
  Time since last request: 0.000192 seconds.
  path: Assets/mats/tex/Walwithwindowl.png
  artifactKey: Guid(e2a253b05546e224cab74679d770e4ba) Importer(815301076,1909f56bfc062723c751e8b465ee728b)
Start importing Assets/mats/tex/Walwithwindowl.png using Guid(e2a253b05546e224cab74679d770e4ba) Importer(815301076,1909f56bfc062723c751e8b465ee728b)  -> (artifact id: '0ea553cd481a5c4eb0d0d4182b1f2b83') in 0.040455 seconds 
  Import took 0.043261 seconds .

========================================================================
Received Import Request.
  Time since last request: 0.000172 seconds.
  path: Assets/mats/tex/VHS Texture.png
  artifactKey: Guid(3b4c502b7bdb33b44a822b38d1db8551) Importer(815301076,1909f56bfc062723c751e8b465ee728b)
Start importing Assets/mats/tex/VHS Texture.png using Guid(3b4c502b7bdb33b44a822b38d1db8551) Importer(815301076,1909f56bfc062723c751e8b465ee728b)  -> (artifact id: 'e0f856fb030f5351c360d79d96a78dfe') in 0.013960 seconds 
  Import took 0.016923 seconds .

========================================================================
Received Import Request.
  Time since last request: 0.000250 seconds.
  path: Assets/mats/tex/TV.png
  artifactKey: Guid(bf3f8eb1693c91f4d9459318c6114de4) Importer(815301076,1909f56bfc062723c751e8b465ee728b)
Start importing Assets/mats/tex/TV.png using Guid(bf3f8eb1693c91f4d9459318c6114de4) Importer(815301076,1909f56bfc062723c751e8b465ee728b)  -> (artifact id: 'd7534a6ba5786c099bcd2f861a2d2898') in 0.010241 seconds 
  Import took 0.013205 seconds .

========================================================================
Received Import Request.
  Time since last request: 0.000163 seconds.
  path: Assets/mats/tex/white.png
  artifactKey: Guid(0d3372fd8cdc8314ab85133a895242f7) Importer(815301076,1909f56bfc062723c751e8b465ee728b)
Start importing Assets/mats/tex/white.png using Guid(0d3372fd8cdc8314ab85133a895242f7) Importer(815301076,1909f56bfc062723c751e8b465ee728b)  -> (artifact id: 'd7db015e0c61f47f18367da37bac371f') in 0.013857 seconds 
  Import took 0.016642 seconds .

========================================================================
Received Import Request.
  Time since last request: 0.000153 seconds.
  path: Assets/TextMesh Pro/Examples & Extras/Textures/Wipe Pattern - Radial Quad.psd
  artifactKey: Guid(2b5e9ae96c5644d8bae932f8b4ca68a2) Importer(815301076,1909f56bfc062723c751e8b465ee728b)
Start importing Assets/TextMesh Pro/Examples & Extras/Textures/Wipe Pattern - Radial Quad.psd using Guid(2b5e9ae96c5644d8bae932f8b4ca68a2) Importer(815301076,1909f56bfc062723c751e8b465ee728b)  -> (artifact id: '69947c09696402e1fbb2a1eb58cfcbd9') in 0.011956 seconds 
  Import took 0.014848 seconds .

========================================================================
Received Import Request.
  Time since last request: 0.000164 seconds.
  path: Assets/TextMesh Pro/Examples & Extras/Textures/Wipe Pattern - Circle.psd
  artifactKey: Guid(10c49fcd9c64421db7c0133e61e55f97) Importer(815301076,1909f56bfc062723c751e8b465ee728b)
Start importing Assets/TextMesh Pro/Examples & Extras/Textures/Wipe Pattern - Circle.psd using Guid(10c49fcd9c64421db7c0133e61e55f97) Importer(815301076,1909f56bfc062723c751e8b465ee728b)  -> (artifact id: 'f268f1dea54a000663b13014b089f3f9') in 0.014759 seconds 
  Import took 0.017795 seconds .

========================================================================
Received Import Request.
  Time since last request: 0.000202 seconds.
  path: Assets/TextMesh Pro/Examples & Extras/Textures/Wipe Pattern - Diagonal.psd
  artifactKey: Guid(ed5290d8df18488780e2996b9b882f01) Importer(815301076,1909f56bfc062723c751e8b465ee728b)
Start importing Assets/TextMesh Pro/Examples & Extras/Textures/Wipe Pattern - Diagonal.psd using Guid(ed5290d8df18488780e2996b9b882f01) Importer(815301076,1909f56bfc062723c751e8b465ee728b)  -> (artifact id: '4af63b955e443c3813d720228da7b4b4') in 0.013344 seconds 
  Import took 0.016727 seconds .

========================================================================
Received Import Request.
  Time since last request: 0.000169 seconds.
  path: Assets/mats/tex/yelloe.png
  artifactKey: Guid(d958387c7fb6b4c41b1acf67548c2adc) Importer(815301076,1909f56bfc062723c751e8b465ee728b)
Start importing Assets/mats/tex/yelloe.png using Guid(d958387c7fb6b4c41b1acf67548c2adc) Importer(815301076,1909f56bfc062723c751e8b465ee728b)  -> (artifact id: '8adb57d7d386bea5f5f0060122cb3c02') in 0.025432 seconds 
  Import took 0.028757 seconds .

========================================================================
Received Import Request.
  Time since last request: 0.000183 seconds.
  path: Assets/TextMesh Pro/Examples & Extras/Textures/Wipe Pattern - Radial Double.psd
  artifactKey: Guid(7631f4eff8f74ed38eb3eb9db17134e1) Importer(815301076,1909f56bfc062723c751e8b465ee728b)
Start importing Assets/TextMesh Pro/Examples & Extras/Textures/Wipe Pattern - Radial Double.psd using Guid(7631f4eff8f74ed38eb3eb9db17134e1) Importer(815301076,1909f56bfc062723c751e8b465ee728b)  -> (artifact id: 'fc500254e6f0588cdba1bba625d56bab') in 0.012145 seconds 
  Import took 0.015351 seconds .

========================================================================
Received Import Request.
  Time since last request: 0.369443 seconds.
  path: Assets/mats/tex/yellow.png
  artifactKey: Guid(dce1e5afaf2555e4baafa017e90adf0b) Importer(815301076,1909f56bfc062723c751e8b465ee728b)
Start importing Assets/mats/tex/yellow.png using Guid(dce1e5afaf2555e4baafa017e90adf0b) Importer(815301076,1909f56bfc062723c751e8b465ee728b)  -> (artifact id: '1fc080b458387d50749616a55f7aba12') in 0.015040 seconds 
  Import took 0.018477 seconds .

========================================================================
Received Import Request.
  Time since last request: 0.000198 seconds.
  path: Assets/mats/tex/yellow dark 2.png
  artifactKey: Guid(c06f0994391d2d946a86ac002a4bdd29) Importer(815301076,1909f56bfc062723c751e8b465ee728b)
Start importing Assets/mats/tex/yellow dark 2.png using Guid(c06f0994391d2d946a86ac002a4bdd29) Importer(815301076,1909f56bfc062723c751e8b465ee728b)  -> (artifact id: '85022af3c2ae17a2e3e36e14f5867f9e') in 0.015221 seconds 
  Import took 0.018377 seconds .

========================================================================
Received Import Request.
  Time since last request: 0.000211 seconds.
  path: Assets/mats/tex/yellow dark.png
  artifactKey: Guid(56b63ceae1d7d0e41a631575d176819d) Importer(815301076,1909f56bfc062723c751e8b465ee728b)
Start importing Assets/mats/tex/yellow dark.png using Guid(56b63ceae1d7d0e41a631575d176819d) Importer(815301076,1909f56bfc062723c751e8b465ee728b)  -> (artifact id: '6e19738332ce2e3776a7fb5ac2815ea6') in 0.015983 seconds 
  Import took 0.018792 seconds .

========================================================================
Received Import Request.
  Time since last request: 0.000206 seconds.
  path: Assets/mats/tex/yellowtile.png
  artifactKey: Guid(231daee2600fb314f9c06922e0b89d6c) Importer(815301076,1909f56bfc062723c751e8b465ee728b)
Start importing Assets/mats/tex/yellowtile.png using Guid(231daee2600fb314f9c06922e0b89d6c) Importer(815301076,1909f56bfc062723c751e8b465ee728b)  -> (artifact id: 'c1dd4e0f451f2d914b1197cb6b7648b3') in 0.014058 seconds 
  Import took 0.016967 seconds .

========================================================================
Received Import Request.
  Time since last request: 419.371826 seconds.
  path: Assets/WayPoint.prefab
  artifactKey: Guid(a5fc528774abbb748acc247fae713da1) Importer(815301076,1909f56bfc062723c751e8b465ee728b)
Start importing Assets/WayPoint.prefab using Guid(a5fc528774abbb748acc247fae713da1) Importer(815301076,1909f56bfc062723c751e8b465ee728b)  -> (artifact id: 'b92bdfb1bf210d146453b35cd47d1e7a') in 0.020804 seconds 
  Import took 0.024382 seconds .

========================================================================
Received Import Request.
  Time since last request: 51.229953 seconds.
  path: Assets
  artifactKey: Guid(00000000000000001000000000000000) Importer(815301076,1909f56bfc062723c751e8b465ee728b)
Start importing Assets using Guid(00000000000000001000000000000000) Importer(815301076,1909f56bfc062723c751e8b465ee728b)  -> (artifact id: '42d402b061de3733987d63b9cc3b64de') in 0.005448 seconds 
  Import took 0.008843 seconds .

========================================================================
Received Import Request.
  Time since last request: 110.912488 seconds.
  path: Assets/mats/tex/Materials
  artifactKey: Guid(bb7e89a9208b51645872f9110a7148b9) Importer(815301076,1909f56bfc062723c751e8b465ee728b)
Start importing Assets/mats/tex/Materials using Guid(bb7e89a9208b51645872f9110a7148b9) Importer(815301076,1909f56bfc062723c751e8b465ee728b)  -> (artifact id: 'a2cb375c635521f61f31330ab7b83c07') in 0.019073 seconds 
  Import took 0.022308 seconds .

========================================================================
Received Prepare
Switching render pipeline 9579d7e5c735d49498fee25f04eb52c8 -> 00000000000000000000000000000000
Refreshing native plugins compatible for Editor in 2.51 ms, found 2 plugins.
Preloading 0 native plugins for Editor in 0.00 ms.
Unloading 11 Unused Serialized files (Serialized files now loaded: 0)
System memory in use before: 58.8 MB.
System memory in use after: 58.9 MB.

Unloading 12 unused Assets to reduce memory usage. Loaded Objects now: 2486.
Total: 3.391900 ms (FindLiveObjects: 0.291500 ms CreateObjectMapping: 0.046000 ms MarkObjects: 2.990100 ms  DeleteObjects: 0.063200 ms)

AssetImportParameters requested are different than current active one (requested -> active):
  custom:framework-win-MediaFoundation: 216162199b28c13a410421893ffa2e32 -> 
  custom:video-decoder-ogg-theora: a1e56fd34408186e4bbccfd4996cb3dc -> 
  custom:container-muxer-webm: aa71ff27fc2769a1b78a27578f13a17b -> 
  custom:container-demuxer-webm: 4f35f7cbe854078d1ac9338744f61a02 -> 
  custom:container-demuxer-ogg: 62fdf1f143b41e24485cea50d1cbac27 -> 
  custom:video-encoder-webm-vp8: eb34c28f22e8b96e1ab97ce403110664 -> 
  custom:video-decoder-webm-vp8: 9c59270c3fd7afecdb556c50c9e8de78 -> 
  custom:audio-decoder-ogg-vorbis: bf7c407c2cedff20999df2af8eb42d56 -> 
  custom:audio-encoder-webm-vorbis: bf7c407c2cedff20999df2af8eb42d56 -> 
========================================================================
Received Import Request.
  Time since last request: 550.294545 seconds.
  path: Assets/WayPoint.prefab
  artifactKey: Guid(a5fc528774abbb748acc247fae713da1) Importer(815301076,1909f56bfc062723c751e8b465ee728b)
Start importing Assets/WayPoint.prefab using Guid(a5fc528774abbb748acc247fae713da1) Importer(815301076,1909f56bfc062723c751e8b465ee728b)  -> (artifact id: 'eabd1584b0554731b3bd5e4f48dd4da4') in 0.010751 seconds 
  Import took 0.014074 seconds .

========================================================================
Received Import Request.
  Time since last request: 461.329071 seconds.
  path: Assets/Map.prefab
  artifactKey: Guid(81e24a5cdeffe664e87dc41639bdadb4) Importer(815301076,1909f56bfc062723c751e8b465ee728b)
Start importing Assets/Map.prefab using Guid(81e24a5cdeffe664e87dc41639bdadb4) Importer(815301076,1909f56bfc062723c751e8b465ee728b)  -> (artifact id: '8e3c0026b92ba28fb5315ff574bad355') in 0.007858 seconds 
  Import took 0.011603 seconds .

========================================================================
Received Import Request.
  Time since last request: 81.501161 seconds.
  path: Assets/Map.prefab
  artifactKey: Guid(81e24a5cdeffe664e87dc41639bdadb4) Importer(815301076,1909f56bfc062723c751e8b465ee728b)
Start importing Assets/Map.prefab using Guid(81e24a5cdeffe664e87dc41639bdadb4) Importer(815301076,1909f56bfc062723c751e8b465ee728b)  -> (artifact id: 'fde4ea8bda3ca238a5d5ef0aa5378950') in 0.014063 seconds 
  Import took 0.017517 seconds .

========================================================================
Received Import Request.
  Time since last request: 125.743776 seconds.
  path: Assets/Cube (56).prefab
  artifactKey: Guid(ab42922837519884082305fd846c01b3) Importer(815301076,1909f56bfc062723c751e8b465ee728b)
Start importing Assets/Cube (56).prefab using Guid(ab42922837519884082305fd846c01b3) Importer(815301076,1909f56bfc062723c751e8b465ee728b)  -> (artifact id: '7bbcb8dd21c03a9054131dfb52e3aed7') in 0.008506 seconds 
  Import took 0.012223 seconds .

========================================================================
Received Import Request.
  Time since last request: 7.259534 seconds.
  path: Assets/Map.prefab
  artifactKey: Guid(81e24a5cdeffe664e87dc41639bdadb4) Importer(815301076,1909f56bfc062723c751e8b465ee728b)
Start importing Assets/Map.prefab using Guid(81e24a5cdeffe664e87dc41639bdadb4) Importer(815301076,1909f56bfc062723c751e8b465ee728b)  -> (artifact id: '889cd2d5ca6f57afbd2875eece7aa882') in 0.004616 seconds 
  Import took 0.007995 seconds .

========================================================================
Received Import Request.
  Time since last request: 277.177298 seconds.
  path: Assets/New Prefab.prefab
  artifactKey: Guid(34d5d0cf62ffc6246916126e507c4f70) Importer(815301076,1909f56bfc062723c751e8b465ee728b)
Start importing Assets/New Prefab.prefab using Guid(34d5d0cf62ffc6246916126e507c4f70) Importer(815301076,1909f56bfc062723c751e8b465ee728b)  -> (artifact id: '7e34d10e0184d944db705553507382f4') in 0.006981 seconds 
  Import took 0.010453 seconds .

AssetImportWorkerClient::OnTransportError - code=2 error=End of file
